New log file opened at Tue Apr 18 16:53:41 EDT 2017 by 1228@akzysk-W370ST
Sending msg to client activator-b0688f7c-7e3b-499d-ba64-023fe1231324: DetachedLogEvent(LogMessage(debug,sbt server socket logs are in: C:\Users\Andrew\play-java-1\.sbtserver\connections\master.log))
Sending msg to client activator-b0688f7c-7e3b-499d-ba64-023fe1231324: DetachedLogEvent(LogMessage(debug,sbt client logs are in: C:\Users\Andrew\play-java-1\.sbtserver\connections\activator-b0688f7c-7e3b-499d-ba64-023fe1231324.log))
Sending msg to client activator-b0688f7c-7e3b-499d-ba64-023fe1231324: DetachedLogEvent(LogMessage(debug,sbt general server logs are in: C:\Users\Andrew\play-java-1\.sbtserver\master.log))
Dropping message DetachedLogEvent(LogMessage(debug,sbt client logs are in: C:\Users\Andrew\play-java-1\.sbtserver\connections\activator-b0688f7c-7e3b-499d-ba64-023fe1231324.log)) because client activator-b0688f7c-7e3b-499d-ba64-023fe1231324 of an exception serializing and sending: java.net.SocketException: Software caused connection abort: socket write error
Dropping message DetachedLogEvent(LogMessage(debug,sbt general server logs are in: C:\Users\Andrew\play-java-1\.sbtserver\master.log)) because client activator-b0688f7c-7e3b-499d-ba64-023fe1231324 of an exception serializing and sending: java.net.SocketException: Software caused connection abort: socket write error
stack trace sending message was 
java.net.SocketException: Software caused connection abort: socket write error
	at java.net.SocketOutputStream.socketWrite0(Native Method)
	at java.net.SocketOutputStream.socketWrite(Unknown Source)
	at java.net.SocketOutputStream.write(Unknown Source)
	at java.io.BufferedOutputStream.flushBuffer(Unknown Source)
	at java.io.BufferedOutputStream.flush(Unknown Source)
	at java.io.DataOutputStream.flush(Unknown Source)
	at sbt.impl.ipc.Peer.send(IPC.scala:79)
	at sbt.impl.ipc.Peer.send(IPC.scala:83)
	at sbt.impl.ipc.Peer.sendString(IPC.scala:106)
	at sbt.impl.ipc.Peer.sendJson(IPC.scala:119)
	at sbt.server.SbtClientHandler$$anonfun$send$1.apply$mcV$sp(SbtClientHandler.scala:128)
	at sbt.server.SbtClientHandler.wrappedSend(SbtClientHandler.scala:113)
	at sbt.server.SbtClientHandler.send(SbtClientHandler.scala:128)
	at sbt.server.SbtServerSocketHandler$$anon$1.run(SbtServerSocketHandler.scala:92)
stack trace sending message was 
java.net.SocketException: Software caused connection abort: socket write error
	at java.net.SocketOutputStream.socketWrite0(Native Method)
	at java.net.SocketOutputStream.socketWrite(Unknown Source)
	at java.net.SocketOutputStream.write(Unknown Source)
	at java.io.BufferedOutputStream.flushBuffer(Unknown Source)
	at java.io.BufferedOutputStream.flush(Unknown Source)
	at java.io.DataOutputStream.flush(Unknown Source)
	at sbt.impl.ipc.Peer.send(IPC.scala:79)
	at sbt.impl.ipc.Peer.send(IPC.scala:83)
	at sbt.impl.ipc.Peer.sendString(IPC.scala:106)
	at sbt.impl.ipc.Peer.sendJson(IPC.scala:119)
	at sbt.server.SbtClientHandler$$anonfun$send$1.apply$mcV$sp(SbtClientHandler.scala:128)
	at sbt.server.SbtClientHandler.wrappedSend(SbtClientHandler.scala:113)
	at sbt.server.SbtClientHandler.send(SbtClientHandler.scala:128)
	at sbt.server.SbtClientHandler$clientThread$.run(SbtClientHandler.scala:42)
Reading next message from client.
Client activator-b0688f7c-7e3b-499d-ba64-023fe1231324 closed, java.net.SocketException: socket is closed, shutting down
Dropping message (0,ReceivedResponse()) to dead client activator-b0688f7c-7e3b-499d-ba64-023fe1231324
Client activator-b0688f7c-7e3b-499d-ba64-023fe1231324 thread exiting.
