New log file opened at Wed Mar 15 20:48:54 EDT 2017 by 11880@akzysk-W370ST
Sending msg to client play-fork-run-0ba76353-f36f-4f00-9d18-f515efa9c815: TaskStarted(39,7050,None)
Sending msg to client play-fork-run-0ba76353-f36f-4f00-9d18-f515efa9c815: TaskFinished(39,7050,None,true,None)
Sending msg to client play-fork-run-0ba76353-f36f-4f00-9d18-f515efa9c815: TaskStarted(39,7049,None)
Sending msg to client play-fork-run-0ba76353-f36f-4f00-9d18-f515efa9c815: TaskFinished(39,7049,None,true,None)
Sending msg to client play-fork-run-0ba76353-f36f-4f00-9d18-f515efa9c815: DetachedLogEvent(LogMessage(debug,cancel strategy finish enabled=false lastCommand=Some(LastCommand(CommandExecutionWork(ExecutionId(39),{file:/C:/Users/Andrew/play-java-1/}root/*:playForkReload,Set(LiveClient(play-fork-run 0ba76353-f36f-4f00-9d18-f515efa9c815)),sbt.server.WorkCancellationStatus$$anon$1@3691428d)))))
Sending msg to client play-fork-run-0ba76353-f36f-4f00-9d18-f515efa9c815: DetachedLogEvent(LogSuccess(Total time: 2 s, completed Mar 15, 2017 8:48:54 PM))
Sending msg to client play-fork-run-0ba76353-f36f-4f00-9d18-f515efa9c815: DetachedLogEvent(LogMessage(debug,> server-post-command-cleanup))
Sending msg to client play-fork-run-0ba76353-f36f-4f00-9d18-f515efa9c815: ExecutionSuccess(39)
Sending msg to client play-fork-run-0ba76353-f36f-4f00-9d18-f515efa9c815: DetachedLogEvent(LogMessage(debug,> server-handle-next-server-request))
Sending msg to client play-fork-run-0ba76353-f36f-4f00-9d18-f515efa9c815: ExecutionWaiting(40,jobStop 1,ClientInfo(1a4d5e2d-b9fa-4a21-8027-0832a7f1dfca,activator,Activator,3,Vector()))
Sending msg to client play-fork-run-0ba76353-f36f-4f00-9d18-f515efa9c815: ExecutionStarting(40)
Sending msg to client play-fork-run-0ba76353-f36f-4f00-9d18-f515efa9c815: DetachedLogEvent(LogMessage(debug,> jobStop 1))
Sending msg to client play-fork-run-0ba76353-f36f-4f00-9d18-f515efa9c815: DetachedLogEvent(LogMessage(debug,Evaluating tasks: *:jobStop))
Sending msg to client play-fork-run-0ba76353-f36f-4f00-9d18-f515efa9c815: DetachedLogEvent(LogMessage(debug,Running task... Cancel: sbt.server.ServerTaskCancellation@60ab772a, check cycles: false))
Sending msg to client play-fork-run-0ba76353-f36f-4f00-9d18-f515efa9c815: DetachedLogEvent(LogMessage(debug,cancel strategy start enabled=true lastCommand=Some(LastCommand(CommandExecutionWork(ExecutionId(40),jobStop 1,Set(LiveClient(activator 1a4d5e2d-b9fa-4a21-8027-0832a7f1dfca)),sbt.server.WorkCancellationStatus$$anon$1@2a400b3a)))))
Sending msg to client play-fork-run-0ba76353-f36f-4f00-9d18-f515efa9c815: TaskStarted(40,7325,Some(AttributeKey[void]("jobStop") in Scope(Global)))
Sending msg to client play-fork-run-0ba76353-f36f-4f00-9d18-f515efa9c815: TaskFinished(40,7325,Some(AttributeKey[void]("jobStop") in Scope(Global)),true,None)
Sending msg to client play-fork-run-0ba76353-f36f-4f00-9d18-f515efa9c815: TaskStarted(40,7324,None)
Sending msg to client play-fork-run-0ba76353-f36f-4f00-9d18-f515efa9c815: TaskFinished(40,7324,None,true,None)
Sending msg to client play-fork-run-0ba76353-f36f-4f00-9d18-f515efa9c815: TaskStarted(40,7323,None)
Sending msg to client play-fork-run-0ba76353-f36f-4f00-9d18-f515efa9c815: BackgroundJobLogEvent(1,LogMessage(info,Stopping Play fork run ...))
Sending msg to client play-fork-run-0ba76353-f36f-4f00-9d18-f515efa9c815: TaskFinished(40,7323,None,true,None)
Sending msg to client play-fork-run-0ba76353-f36f-4f00-9d18-f515efa9c815: DetachedLogEvent(LogMessage(debug,cancel strategy finish enabled=false lastCommand=Some(LastCommand(CommandExecutionWork(ExecutionId(40),jobStop 1,Set(LiveClient(activator 1a4d5e2d-b9fa-4a21-8027-0832a7f1dfca)),sbt.server.WorkCancellationStatus$$anon$1@2a400b3a)))))
Sending msg to client play-fork-run-0ba76353-f36f-4f00-9d18-f515efa9c815: DetachedLogEvent(LogSuccess(Total time: 0 s, completed Mar 15, 2017 8:49:02 PM))
Sending msg to client play-fork-run-0ba76353-f36f-4f00-9d18-f515efa9c815: DetachedLogEvent(LogMessage(debug,> server-post-command-cleanup))
Sending msg to client play-fork-run-0ba76353-f36f-4f00-9d18-f515efa9c815: ExecutionSuccess(40)
Sending msg to client play-fork-run-0ba76353-f36f-4f00-9d18-f515efa9c815: DetachedLogEvent(LogMessage(debug,> server-handle-next-server-request))
Sending msg to client play-fork-run-0ba76353-f36f-4f00-9d18-f515efa9c815: BackgroundJobLogEvent(1,LogMessage(info,application - ApplicationTimer demo: Stopping application at 2017-03-16T00:49:02.759Z after 991s.))
Sending msg to client play-fork-run-0ba76353-f36f-4f00-9d18-f515efa9c815: BackgroundJobLogEvent(1,LogMessage(info,application - Shutting down connection pool.))
Got request: UnlistenToEvents()
Reading next message from client.
Sending msg to client play-fork-run-0ba76353-f36f-4f00-9d18-f515efa9c815: (29,ReceivedResponse())
Got request: UnlistenToValue(AttributeKey[play.forkrun.protocol.ForkConfig]("playForkConfig") in Scope(Build: file:/C:/Users/Andrew/play-java-1/, , Project: ProjectReference(file:/C:/Users/Andrew/play-java-1/,root)))
Reading next message from client.
Got request: UnlistenToValue(AttributeKey[play.runsupport.Reloader$CompileResult]("playForkReload") in Scope(Build: file:/C:/Users/Andrew/play-java-1/, , Project: ProjectReference(file:/C:/Users/Andrew/play-java-1/,root)))
Reading next message from client.
Client play-fork-run-0ba76353-f36f-4f00-9d18-f515efa9c815 EOF, shutting down.
Stopping client.
Client play-fork-run-0ba76353-f36f-4f00-9d18-f515efa9c815 thread exiting.
Dropping message (30,ReceivedResponse()) to dead client play-fork-run-0ba76353-f36f-4f00-9d18-f515efa9c815
Dropping message (31,ReceivedResponse()) to dead client play-fork-run-0ba76353-f36f-4f00-9d18-f515efa9c815
Dropping message (0,ReceivedResponse()) to dead client play-fork-run-0ba76353-f36f-4f00-9d18-f515efa9c815
