New log file opened at Mon Apr 03 21:04:45 EDT 2017 by 10784@akzysk-W370ST
jvm 10784@akzysk-W370ST
jvm vmName=Java HotSpot(TM) 64-Bit Server VM vmVendor=Oracle Corporation vmVersion=25.121-b13
jvm specName=Java Virtual Machine Specification specVendor=Oracle Corporation specVersion=1.8
jvm arguments: [-Xms256m, -Xmx1024m, -XX:MetaspaceSize=64m, -XX:MaxMetaspaceSize=256m]
Starting event engine
Starting sbt command engine
Waiting for sbt command engine
Command engine arguments=List()
Command engine baseDirectory=C:\Users\Andrew\play-java-1
Command engine initial remaining commands List(--initialize, onFailure load-failed, boot, server-send-ready-for-request, server-handle-next-server-request)
> --initialize
> initialize
> onFailure load-failed
> boot
> reload
[Loading] Scanning directory C:\Users\Andrew\play-java-1\project
[Loading] Found non-root projects 
[Loading] Done in C:\Users\Andrew\play-java-1\project, returning: ()
deducing auto plugins based on known facts Set(Atom(sbt.plugins.CorePlugin)) and clauses Clauses(List(Clause(Atom(sbt.plugins.JvmPlugin),Set(Atom(sbt.plugins.IvyPlugin))), Clause(Atom(sbt.plugins.JUnitXmlReportPlugin),Set(Atom(sbt.plugins.JvmPlugin))), Clause(Atom(sbt.plugins.CorePlugin),Set(Atom(sbt.plugins.IvyPlugin))), Clause(Atom(sbt.plugins.IvyPlugin),Set(Atom(sbt.plugins.JvmPlugin))), Clause(Atom(sbt.plugins.JvmPlugin),Set(Atom(sbt.plugins.JUnitXmlReportPlugin)))))
  :: deduced result: Matched(sbt.plugins.CorePlugin,sbt.plugins.IvyPlugin,sbt.plugins.JvmPlugin,sbt.plugins.JUnitXmlReportPlugin)
sorting: ns: List(sbt.plugins.CorePlugin, sbt.plugins.IvyPlugin, sbt.plugins.JvmPlugin, sbt.plugins.JUnitXmlReportPlugin)
  :: sorting:: found: List(sbt.plugins.CorePlugin) not found List(sbt.plugins.IvyPlugin, sbt.plugins.JvmPlugin, sbt.plugins.JUnitXmlReportPlugin)
  :: sorting:: found: List(sbt.plugins.CorePlugin, sbt.plugins.IvyPlugin) not found List(sbt.plugins.JvmPlugin, sbt.plugins.JUnitXmlReportPlugin)
  :: sorting:: found: List(sbt.plugins.CorePlugin, sbt.plugins.IvyPlugin, sbt.plugins.JvmPlugin) not found List(sbt.plugins.JUnitXmlReportPlugin)
  :: sorting:: found: List(sbt.plugins.CorePlugin, sbt.plugins.IvyPlugin, sbt.plugins.JvmPlugin, sbt.plugins.JUnitXmlReportPlugin) not found List()
  :: sorted deduced result: List(sbt.plugins.CorePlugin, sbt.plugins.IvyPlugin, sbt.plugins.JvmPlugin, sbt.plugins.JUnitXmlReportPlugin)
[Loading] Done in C:\Users\Andrew\play-java-1\project, returning: (play-java-1-build)
Loading project definition from C:\Users\Andrew\play-java-1\project
Running task... Cancel: sbt.TaskCancellationStrategy$Null$@3e33bdbb, check cycles: false

Initial source changes: 
	removed:Set()
	added: Set()
	modified: Set()
Removed products: Set()
External API changes: API Changes: Set()
Modified binary dependencies: Set()
Initial directly invalidated sources: Set()

Sources indirectly invalidated by:
	product: Set()
	binary dep: Set()
	external source: Set()
All initially invalidated sources: Set()

Copy resource mappings: 
	
[Loading] Scanning directory C:\Users\Andrew\play-java-1
[Loading] Found root project root w/ remaining 
deducing auto plugins based on known facts Set(Atom(play.sbt.PlayJava), Atom(sbt.plugins.CorePlugin)) and clauses Clauses(List(Clause(Atom(sbt.plugins.JvmPlugin),Set(Atom(sbt.plugins.IvyPlugin))), Clause(Atom(sbt.plugins.JUnitXmlReportPlugin),Set(Atom(sbt.plugins.JvmPlugin))), Clause(Atom(play.sbt.forkrun.PlayForkRun),Set(Atom(sbt.plugins.BackgroundRunPlugin))), Clause(Atom(play.sbt.forkrun.PlayForkRun),Set(Atom(play.sbt.Play))), Clause(Atom(play.sbt.forkrun.PlayForkRun),Set(Atom(sbt.plugins.SerializersPlugin))), Clause(Atom(play.sbt.Play),Set(Atom(com.typesafe.sbt.packager.archetypes.JavaServerAppPackaging))), Clause(Atom(play.sbt.Play),Set(Atom(play.sbt.routes.RoutesCompiler))), Clause(Atom(play.sbt.Play),Set(Atom(play.twirl.sbt.SbtTwirl))), Clause(Atom(play.sbt.Play),Set(Atom(com.typesafe.sbt.jse.SbtJsTask))), Clause(Atom(play.sbt.PlayAkkaHttpServer),Set(Atom(play.sbt.Play))), Clause(Atom(play.sbt.PlayJava),Set(Atom(play.sbt.Play))), Clause(Atom(play.sbt.PlayLayoutPlugin),Set(Atom(play.sbt.Play))), Clause(Atom(play.sbt.PlayLogback),Set(Atom(play.sbt.Play))), Clause(Atom(play.sbt.PlayNettyServer),Set(Atom(play.sbt.Play))), Clause(Atom(play.sbt.PlayScala),Set(Atom(play.sbt.Play))), Clause(Atom(play.sbt.routes.RoutesCompiler),Set(Atom(sbt.plugins.JvmPlugin))), Clause(Atom(play.twirl.sbt.SbtTwirl),Set(Atom(sbt.plugins.JvmPlugin))), Clause(Atom(com.typesafe.sbt.packager.archetypes.AkkaAppPackaging),Set(Atom(com.typesafe.sbt.packager.archetypes.JavaAppPackaging))), Clause(Atom(com.typesafe.sbt.packager.archetypes.JavaAppPackaging),Set(Atom(com.typesafe.sbt.packager.windows.WindowsPlugin))), Clause(Atom(com.typesafe.sbt.packager.archetypes.JavaAppPackaging),Set(Atom(com.typesafe.sbt.packager.docker.DockerPlugin))), Clause(Atom(com.typesafe.sbt.packager.archetypes.JavaAppPackaging),Set(Atom(com.typesafe.sbt.packager.debian.DebianPlugin))), Clause(Atom(com.typesafe.sbt.packager.archetypes.JavaAppPackaging),Set(Atom(com.typesafe.sbt.packager.rpm.RpmPlugin))), Clause(Atom(com.typesafe.sbt.packager.archetypes.JavaServerAppPackaging),Set(Atom(com.typesafe.sbt.packager.archetypes.JavaAppPackaging))), Clause(Atom(com.typesafe.sbt.packager.archetypes.jar.ClasspathJarPlugin),Set(Atom(com.typesafe.sbt.packager.archetypes.JavaAppPackaging))), Clause(Atom(com.typesafe.sbt.packager.archetypes.jar.LauncherJarPlugin),Set(Atom(com.typesafe.sbt.packager.archetypes.JavaAppPackaging))), Clause(Atom(com.typesafe.sbt.packager.debian.DebianDeployPlugin),Set(Atom(com.typesafe.sbt.packager.debian.DebianPlugin))), Clause(Atom(com.typesafe.sbt.packager.debian.DebianPlugin),Set(Atom(com.typesafe.sbt.packager.linux.LinuxPlugin))), Clause(Atom(com.typesafe.sbt.packager.debian.JDebPackaging),Set(Atom(com.typesafe.sbt.packager.debian.DebianPlugin))), Clause(Atom(com.typesafe.sbt.packager.docker.DockerPlugin),Set(Atom(com.typesafe.sbt.packager.universal.UniversalPlugin))), Clause(Atom(com.typesafe.sbt.packager.jdkpackager.JDKPackagerDeployPlugin),Set(Atom(com.typesafe.sbt.packager.jdkpackager.JDKPackagerPlugin))), Clause(Atom(com.typesafe.sbt.packager.jdkpackager.JDKPackagerPlugin),Set(Atom(com.typesafe.sbt.packager.archetypes.JavaAppPackaging))), Clause(Atom(com.typesafe.sbt.packager.jdkpackager.JDKPackagerPlugin),Set(Atom(com.typesafe.sbt.packager.archetypes.jar.LauncherJarPlugin))), Clause(Atom(com.typesafe.sbt.packager.linux.LinuxPlugin),Set(Atom(com.typesafe.sbt.packager.universal.UniversalPlugin))), Clause(Atom(com.typesafe.sbt.packager.rpm.RpmDeployPlugin),Set(Atom(com.typesafe.sbt.packager.rpm.RpmPlugin))), Clause(Atom(com.typesafe.sbt.packager.rpm.RpmPlugin),Set(Atom(com.typesafe.sbt.packager.linux.LinuxPlugin))), Clause(Atom(com.typesafe.sbt.packager.universal.UniversalDeployPlugin),Set(Atom(com.typesafe.sbt.packager.universal.UniversalPlugin))), Clause(Atom(com.typesafe.sbt.packager.universal.UniversalPlugin),Set(Atom(com.typesafe.sbt.SbtNativePackager))), Clause(Atom(com.typesafe.sbt.packager.windows.WindowsDeployPlugin),Set(Atom(com.typesafe.sbt.packager.windows.WindowsPlugin))), Clause(Atom(com.typesafe.sbt.packager.windows.WindowsPlugin),Set(Atom(com.typesafe.sbt.packager.universal.UniversalPlugin))), Clause(Atom(com.typesafe.sbt.web.SbtWeb),Set(Atom(sbt.plugins.JvmPlugin))), Clause(Atom(sbt.plugins.BackgroundRunPlugin),Set(Atom(sbt.plugins.JvmPlugin))), Clause(Atom(com.typesafe.sbt.coffeescript.SbtCoffeeScript),Set(Atom(com.typesafe.sbt.jse.SbtJsTask))), Clause(Atom(com.typesafe.sbt.less.SbtLess),Set(Atom(com.typesafe.sbt.jse.SbtJsTask))), Clause(Atom(com.typesafe.sbt.jshint.SbtJSHint),Set(Atom(com.typesafe.sbt.jse.SbtJsTask))), Clause(Atom(com.typesafe.sbt.rjs.SbtRjs),Set(Atom(com.typesafe.sbt.jse.SbtJsTask))), Clause(Atom(com.typesafe.sbt.jse.SbtJsEngine),Set(Atom(com.typesafe.sbt.web.SbtWeb))), Clause(Atom(com.typesafe.sbt.jse.SbtJsTask),Set(Atom(com.typesafe.sbt.jse.SbtJsEngine))), Clause(Atom(com.typesafe.sbt.digest.SbtDigest),Set(Atom(com.typesafe.sbt.web.SbtWeb))), Clause(Atom(com.typesafe.sbt.mocha.SbtMocha),Set(Atom(com.typesafe.sbt.jse.SbtJsTask))), Clause(Atom(org.irundaia.sbt.sass.SbtSassify),Set(Atom(com.typesafe.sbt.web.SbtWeb))), Clause(Atom(com.typesafe.play.sbt.enhancer.PlayEnhancer),Set(Atom(sbt.plugins.JvmPlugin))), Clause(Atom(com.typesafe.sbteclipse.plugin.EclipsePlugin),Set(Atom(sbt.plugins.JvmPlugin))), Clause(Atom(sbt.plugins.CorePlugin),Set(Atom(sbt.plugins.IvyPlugin))), Clause(Atom(sbt.plugins.IvyPlugin),Set(Atom(sbt.plugins.JvmPlugin))), Clause(Atom(sbt.plugins.JvmPlugin),Set(Atom(sbt.plugins.JUnitXmlReportPlugin))), Clause(And(Set(Atom(sbt.plugins.BackgroundRunPlugin), Atom(play.sbt.Play), Atom(sbt.plugins.SerializersPlugin))),Set(Atom(play.sbt.forkrun.PlayForkRun))), Clause(Atom(play.sbt.Play),Set(Atom(play.sbt.PlayLayoutPlugin))), Clause(Atom(play.sbt.Play),Set(Atom(play.sbt.PlayLogback))), Clause(Atom(play.sbt.Play),Set(Atom(play.sbt.PlayNettyServer))), Clause(Atom(sbt.plugins.JvmPlugin),Set(Atom(sbt.plugins.BackgroundRunPlugin))), Clause(Atom(sbt.plugins.CorePlugin),Set(Atom(sbt.plugins.InteractionServicePlugin))), Clause(Atom(sbt.plugins.CorePlugin),Set(Atom(sbt.plugins.SendEventServicePlugin))), Clause(Atom(sbt.plugins.CorePlugin),Set(Atom(sbt.plugins.SerializersPlugin))), Clause(Atom(com.typesafe.sbt.jse.SbtJsTask),Set(Atom(com.typesafe.sbt.coffeescript.SbtCoffeeScript))), Clause(Atom(com.typesafe.sbt.jse.SbtJsTask),Set(Atom(com.typesafe.sbt.less.SbtLess))), Clause(Atom(com.typesafe.sbt.jse.SbtJsTask),Set(Atom(com.typesafe.sbt.jshint.SbtJSHint))), Clause(Atom(com.typesafe.sbt.jse.SbtJsTask),Set(Atom(com.typesafe.sbt.rjs.SbtRjs))), Clause(Atom(com.typesafe.sbt.web.SbtWeb),Set(Atom(com.typesafe.sbt.jse.SbtJsEngine))), Clause(Atom(com.typesafe.sbt.jse.SbtJsEngine),Set(Atom(com.typesafe.sbt.jse.SbtJsTask))), Clause(Atom(com.typesafe.sbt.web.SbtWeb),Set(Atom(com.typesafe.sbt.digest.SbtDigest))), Clause(Atom(com.typesafe.sbt.jse.SbtJsTask),Set(Atom(com.typesafe.sbt.mocha.SbtMocha))), Clause(Atom(com.typesafe.sbt.web.SbtWeb),Set(Atom(org.irundaia.sbt.sass.SbtSassify))), Clause(Atom(sbt.plugins.JvmPlugin),Set(Atom(com.typesafe.play.sbt.enhancer.PlayEnhancer))), Clause(Atom(sbt.plugins.JvmPlugin),Set(Atom(com.typesafe.sbteclipse.plugin.EclipsePlugin)))))
  :: deduced result: Matched(sbt.plugins.CorePlugin,play.sbt.PlayJava,sbt.plugins.InteractionServicePlugin,sbt.plugins.SendEventServicePlugin,play.sbt.Play,sbt.plugins.SerializersPlugin,sbt.plugins.IvyPlugin,com.typesafe.sbt.packager.archetypes.JavaServerAppPackaging,play.twirl.sbt.SbtTwirl,sbt.plugins.JvmPlugin,play.sbt.PlayNettyServer,play.sbt.PlayLayoutPlugin,play.sbt.routes.RoutesCompiler,play.sbt.PlayLogback,com.typesafe.sbt.jse.SbtJsTask,com.typesafe.sbt.jshint.SbtJSHint,com.typesafe.sbteclipse.plugin.EclipsePlugin,com.typesafe.play.sbt.enhancer.PlayEnhancer,com.typesafe.sbt.packager.archetypes.JavaAppPackaging,sbt.plugins.JUnitXmlReportPlugin,com.typesafe.sbt.mocha.SbtMocha,com.typesafe.sbt.less.SbtLess,com.typesafe.sbt.rjs.SbtRjs,com.typesafe.sbt.jse.SbtJsEngine,com.typesafe.sbt.coffeescript.SbtCoffeeScript,sbt.plugins.BackgroundRunPlugin,com.typesafe.sbt.packager.rpm.RpmPlugin,com.typesafe.sbt.packager.windows.WindowsPlugin,com.typesafe.sbt.web.SbtWeb,com.typesafe.sbt.packager.docker.DockerPlugin,play.sbt.forkrun.PlayForkRun,com.typesafe.sbt.packager.debian.DebianPlugin,org.irundaia.sbt.sass.SbtSassify,com.typesafe.sbt.digest.SbtDigest,com.typesafe.sbt.packager.universal.UniversalPlugin,com.typesafe.sbt.packager.linux.LinuxPlugin,com.typesafe.sbt.SbtNativePackager)
sorting: ns: List(sbt.plugins.CorePlugin, play.sbt.PlayJava, sbt.plugins.InteractionServicePlugin, sbt.plugins.SendEventServicePlugin, play.sbt.Play, sbt.plugins.SerializersPlugin, sbt.plugins.IvyPlugin, com.typesafe.sbt.packager.archetypes.JavaServerAppPackaging, play.twirl.sbt.SbtTwirl, sbt.plugins.JvmPlugin, play.sbt.PlayNettyServer, play.sbt.PlayLayoutPlugin, play.sbt.routes.RoutesCompiler, play.sbt.PlayLogback, com.typesafe.sbt.jse.SbtJsTask, com.typesafe.sbt.jshint.SbtJSHint, com.typesafe.sbteclipse.plugin.EclipsePlugin, com.typesafe.play.sbt.enhancer.PlayEnhancer, com.typesafe.sbt.packager.archetypes.JavaAppPackaging, sbt.plugins.JUnitXmlReportPlugin, com.typesafe.sbt.mocha.SbtMocha, com.typesafe.sbt.less.SbtLess, com.typesafe.sbt.rjs.SbtRjs, com.typesafe.sbt.jse.SbtJsEngine, com.typesafe.sbt.coffeescript.SbtCoffeeScript, sbt.plugins.BackgroundRunPlugin, com.typesafe.sbt.packager.rpm.RpmPlugin, com.typesafe.sbt.packager.windows.WindowsPlugin, com.typesafe.sbt.web.SbtWeb, com.typesafe.sbt.packager.docker.DockerPlugin, play.sbt.forkrun.PlayForkRun, com.typesafe.sbt.packager.debian.DebianPlugin, org.irundaia.sbt.sass.SbtSassify, com.typesafe.sbt.digest.SbtDigest, com.typesafe.sbt.packager.universal.UniversalPlugin, com.typesafe.sbt.packager.linux.LinuxPlugin, com.typesafe.sbt.SbtNativePackager)
  :: sorting:: found: List(sbt.plugins.CorePlugin, com.typesafe.sbt.SbtNativePackager) not found List(play.sbt.PlayJava, sbt.plugins.InteractionServicePlugin, sbt.plugins.SendEventServicePlugin, play.sbt.Play, sbt.plugins.SerializersPlugin, sbt.plugins.IvyPlugin, com.typesafe.sbt.packager.archetypes.JavaServerAppPackaging, play.twirl.sbt.SbtTwirl, sbt.plugins.JvmPlugin, play.sbt.PlayNettyServer, play.sbt.PlayLayoutPlugin, play.sbt.routes.RoutesCompiler, play.sbt.PlayLogback, com.typesafe.sbt.jse.SbtJsTask, com.typesafe.sbt.jshint.SbtJSHint, com.typesafe.sbteclipse.plugin.EclipsePlugin, com.typesafe.play.sbt.enhancer.PlayEnhancer, com.typesafe.sbt.packager.archetypes.JavaAppPackaging, sbt.plugins.JUnitXmlReportPlugin, com.typesafe.sbt.mocha.SbtMocha, com.typesafe.sbt.less.SbtLess, com.typesafe.sbt.rjs.SbtRjs, com.typesafe.sbt.jse.SbtJsEngine, com.typesafe.sbt.coffeescript.SbtCoffeeScript, sbt.plugins.BackgroundRunPlugin, com.typesafe.sbt.packager.rpm.RpmPlugin, com.typesafe.sbt.packager.windows.WindowsPlugin, com.typesafe.sbt.web.SbtWeb, com.typesafe.sbt.packager.docker.DockerPlugin, play.sbt.forkrun.PlayForkRun, com.typesafe.sbt.packager.debian.DebianPlugin, org.irundaia.sbt.sass.SbtSassify, com.typesafe.sbt.digest.SbtDigest, com.typesafe.sbt.packager.universal.UniversalPlugin, com.typesafe.sbt.packager.linux.LinuxPlugin)
  :: sorting:: found: List(sbt.plugins.CorePlugin, com.typesafe.sbt.SbtNativePackager, sbt.plugins.InteractionServicePlugin, sbt.plugins.SendEventServicePlugin, sbt.plugins.SerializersPlugin, sbt.plugins.IvyPlugin, com.typesafe.sbt.packager.universal.UniversalPlugin) not found List(play.sbt.PlayJava, play.sbt.Play, com.typesafe.sbt.packager.archetypes.JavaServerAppPackaging, play.twirl.sbt.SbtTwirl, sbt.plugins.JvmPlugin, play.sbt.PlayNettyServer, play.sbt.PlayLayoutPlugin, play.sbt.routes.RoutesCompiler, play.sbt.PlayLogback, com.typesafe.sbt.jse.SbtJsTask, com.typesafe.sbt.jshint.SbtJSHint, com.typesafe.sbteclipse.plugin.EclipsePlugin, com.typesafe.play.sbt.enhancer.PlayEnhancer, com.typesafe.sbt.packager.archetypes.JavaAppPackaging, sbt.plugins.JUnitXmlReportPlugin, com.typesafe.sbt.mocha.SbtMocha, com.typesafe.sbt.less.SbtLess, com.typesafe.sbt.rjs.SbtRjs, com.typesafe.sbt.jse.SbtJsEngine, com.typesafe.sbt.coffeescript.SbtCoffeeScript, sbt.plugins.BackgroundRunPlugin, com.typesafe.sbt.packager.rpm.RpmPlugin, com.typesafe.sbt.packager.windows.WindowsPlugin, com.typesafe.sbt.web.SbtWeb, com.typesafe.sbt.packager.docker.DockerPlugin, play.sbt.forkrun.PlayForkRun, com.typesafe.sbt.packager.debian.DebianPlugin, org.irundaia.sbt.sass.SbtSassify, com.typesafe.sbt.digest.SbtDigest, com.typesafe.sbt.packager.linux.LinuxPlugin)
  :: sorting:: found: List(sbt.plugins.CorePlugin, com.typesafe.sbt.SbtNativePackager, sbt.plugins.InteractionServicePlugin, sbt.plugins.SendEventServicePlugin, sbt.plugins.SerializersPlugin, sbt.plugins.IvyPlugin, com.typesafe.sbt.packager.universal.UniversalPlugin, sbt.plugins.JvmPlugin, com.typesafe.sbt.packager.windows.WindowsPlugin, com.typesafe.sbt.packager.docker.DockerPlugin, com.typesafe.sbt.packager.linux.LinuxPlugin) not found List(play.sbt.PlayJava, play.sbt.Play, com.typesafe.sbt.packager.archetypes.JavaServerAppPackaging, play.twirl.sbt.SbtTwirl, play.sbt.PlayNettyServer, play.sbt.PlayLayoutPlugin, play.sbt.routes.RoutesCompiler, play.sbt.PlayLogback, com.typesafe.sbt.jse.SbtJsTask, com.typesafe.sbt.jshint.SbtJSHint, com.typesafe.sbteclipse.plugin.EclipsePlugin, com.typesafe.play.sbt.enhancer.PlayEnhancer, com.typesafe.sbt.packager.archetypes.JavaAppPackaging, sbt.plugins.JUnitXmlReportPlugin, com.typesafe.sbt.mocha.SbtMocha, com.typesafe.sbt.less.SbtLess, com.typesafe.sbt.rjs.SbtRjs, com.typesafe.sbt.jse.SbtJsEngine, com.typesafe.sbt.coffeescript.SbtCoffeeScript, sbt.plugins.BackgroundRunPlugin, com.typesafe.sbt.packager.rpm.RpmPlugin, com.typesafe.sbt.web.SbtWeb, play.sbt.forkrun.PlayForkRun, com.typesafe.sbt.packager.debian.DebianPlugin, org.irundaia.sbt.sass.SbtSassify, com.typesafe.sbt.digest.SbtDigest)
  :: sorting:: found: List(sbt.plugins.CorePlugin, com.typesafe.sbt.SbtNativePackager, sbt.plugins.InteractionServicePlugin, sbt.plugins.SendEventServicePlugin, sbt.plugins.SerializersPlugin, sbt.plugins.IvyPlugin, com.typesafe.sbt.packager.universal.UniversalPlugin, sbt.plugins.JvmPlugin, com.typesafe.sbt.packager.windows.WindowsPlugin, com.typesafe.sbt.packager.docker.DockerPlugin, com.typesafe.sbt.packager.linux.LinuxPlugin, play.twirl.sbt.SbtTwirl, play.sbt.routes.RoutesCompiler, com.typesafe.sbteclipse.plugin.EclipsePlugin, com.typesafe.play.sbt.enhancer.PlayEnhancer, sbt.plugins.JUnitXmlReportPlugin, sbt.plugins.BackgroundRunPlugin, com.typesafe.sbt.packager.rpm.RpmPlugin, com.typesafe.sbt.web.SbtWeb, com.typesafe.sbt.packager.debian.DebianPlugin) not found List(play.sbt.PlayJava, play.sbt.Play, com.typesafe.sbt.packager.archetypes.JavaServerAppPackaging, play.sbt.PlayNettyServer, play.sbt.PlayLayoutPlugin, play.sbt.PlayLogback, com.typesafe.sbt.jse.SbtJsTask, com.typesafe.sbt.jshint.SbtJSHint, com.typesafe.sbt.packager.archetypes.JavaAppPackaging, com.typesafe.sbt.mocha.SbtMocha, com.typesafe.sbt.less.SbtLess, com.typesafe.sbt.rjs.SbtRjs, com.typesafe.sbt.jse.SbtJsEngine, com.typesafe.sbt.coffeescript.SbtCoffeeScript, play.sbt.forkrun.PlayForkRun, org.irundaia.sbt.sass.SbtSassify, com.typesafe.sbt.digest.SbtDigest)
  :: sorting:: found: List(sbt.plugins.CorePlugin, com.typesafe.sbt.SbtNativePackager, sbt.plugins.InteractionServicePlugin, sbt.plugins.SendEventServicePlugin, sbt.plugins.SerializersPlugin, sbt.plugins.IvyPlugin, com.typesafe.sbt.packager.universal.UniversalPlugin, sbt.plugins.JvmPlugin, com.typesafe.sbt.packager.windows.WindowsPlugin, com.typesafe.sbt.packager.docker.DockerPlugin, com.typesafe.sbt.packager.linux.LinuxPlugin, play.twirl.sbt.SbtTwirl, play.sbt.routes.RoutesCompiler, com.typesafe.sbteclipse.plugin.EclipsePlugin, com.typesafe.play.sbt.enhancer.PlayEnhancer, sbt.plugins.JUnitXmlReportPlugin, sbt.plugins.BackgroundRunPlugin, com.typesafe.sbt.packager.rpm.RpmPlugin, com.typesafe.sbt.web.SbtWeb, com.typesafe.sbt.packager.debian.DebianPlugin, com.typesafe.sbt.packager.archetypes.JavaAppPackaging, com.typesafe.sbt.jse.SbtJsEngine, org.irundaia.sbt.sass.SbtSassify, com.typesafe.sbt.digest.SbtDigest) not found List(play.sbt.PlayJava, play.sbt.Play, com.typesafe.sbt.packager.archetypes.JavaServerAppPackaging, play.sbt.PlayNettyServer, play.sbt.PlayLayoutPlugin, play.sbt.PlayLogback, com.typesafe.sbt.jse.SbtJsTask, com.typesafe.sbt.jshint.SbtJSHint, com.typesafe.sbt.mocha.SbtMocha, com.typesafe.sbt.less.SbtLess, com.typesafe.sbt.rjs.SbtRjs, com.typesafe.sbt.coffeescript.SbtCoffeeScript, play.sbt.forkrun.PlayForkRun)
  :: sorting:: found: List(sbt.plugins.CorePlugin, com.typesafe.sbt.SbtNativePackager, sbt.plugins.InteractionServicePlugin, sbt.plugins.SendEventServicePlugin, sbt.plugins.SerializersPlugin, sbt.plugins.IvyPlugin, com.typesafe.sbt.packager.universal.UniversalPlugin, sbt.plugins.JvmPlugin, com.typesafe.sbt.packager.windows.WindowsPlugin, com.typesafe.sbt.packager.docker.DockerPlugin, com.typesafe.sbt.packager.linux.LinuxPlugin, play.twirl.sbt.SbtTwirl, play.sbt.routes.RoutesCompiler, com.typesafe.sbteclipse.plugin.EclipsePlugin, com.typesafe.play.sbt.enhancer.PlayEnhancer, sbt.plugins.JUnitXmlReportPlugin, sbt.plugins.BackgroundRunPlugin, com.typesafe.sbt.packager.rpm.RpmPlugin, com.typesafe.sbt.web.SbtWeb, com.typesafe.sbt.packager.debian.DebianPlugin, com.typesafe.sbt.packager.archetypes.JavaAppPackaging, com.typesafe.sbt.jse.SbtJsEngine, org.irundaia.sbt.sass.SbtSassify, com.typesafe.sbt.digest.SbtDigest, com.typesafe.sbt.packager.archetypes.JavaServerAppPackaging, com.typesafe.sbt.jse.SbtJsTask) not found List(play.sbt.PlayJava, play.sbt.Play, play.sbt.PlayNettyServer, play.sbt.PlayLayoutPlugin, play.sbt.PlayLogback, com.typesafe.sbt.jshint.SbtJSHint, com.typesafe.sbt.mocha.SbtMocha, com.typesafe.sbt.less.SbtLess, com.typesafe.sbt.rjs.SbtRjs, com.typesafe.sbt.coffeescript.SbtCoffeeScript, play.sbt.forkrun.PlayForkRun)
  :: sorting:: found: List(sbt.plugins.CorePlugin, com.typesafe.sbt.SbtNativePackager, sbt.plugins.InteractionServicePlugin, sbt.plugins.SendEventServicePlugin, sbt.plugins.SerializersPlugin, sbt.plugins.IvyPlugin, com.typesafe.sbt.packager.universal.UniversalPlugin, sbt.plugins.JvmPlugin, com.typesafe.sbt.packager.windows.WindowsPlugin, com.typesafe.sbt.packager.docker.DockerPlugin, com.typesafe.sbt.packager.linux.LinuxPlugin, play.twirl.sbt.SbtTwirl, play.sbt.routes.RoutesCompiler, com.typesafe.sbteclipse.plugin.EclipsePlugin, com.typesafe.play.sbt.enhancer.PlayEnhancer, sbt.plugins.JUnitXmlReportPlugin, sbt.plugins.BackgroundRunPlugin, com.typesafe.sbt.packager.rpm.RpmPlugin, com.typesafe.sbt.web.SbtWeb, com.typesafe.sbt.packager.debian.DebianPlugin, com.typesafe.sbt.packager.archetypes.JavaAppPackaging, com.typesafe.sbt.jse.SbtJsEngine, org.irundaia.sbt.sass.SbtSassify, com.typesafe.sbt.digest.SbtDigest, com.typesafe.sbt.packager.archetypes.JavaServerAppPackaging, com.typesafe.sbt.jse.SbtJsTask, play.sbt.Play, com.typesafe.sbt.jshint.SbtJSHint, com.typesafe.sbt.mocha.SbtMocha, com.typesafe.sbt.less.SbtLess, com.typesafe.sbt.rjs.SbtRjs, com.typesafe.sbt.coffeescript.SbtCoffeeScript) not found List(play.sbt.PlayJava, play.sbt.PlayNettyServer, play.sbt.PlayLayoutPlugin, play.sbt.PlayLogback, play.sbt.forkrun.PlayForkRun)
  :: sorting:: found: List(sbt.plugins.CorePlugin, com.typesafe.sbt.SbtNativePackager, sbt.plugins.InteractionServicePlugin, sbt.plugins.SendEventServicePlugin, sbt.plugins.SerializersPlugin, sbt.plugins.IvyPlugin, com.typesafe.sbt.packager.universal.UniversalPlugin, sbt.plugins.JvmPlugin, com.typesafe.sbt.packager.windows.WindowsPlugin, com.typesafe.sbt.packager.docker.DockerPlugin, com.typesafe.sbt.packager.linux.LinuxPlugin, play.twirl.sbt.SbtTwirl, play.sbt.routes.RoutesCompiler, com.typesafe.sbteclipse.plugin.EclipsePlugin, com.typesafe.play.sbt.enhancer.PlayEnhancer, sbt.plugins.JUnitXmlReportPlugin, sbt.plugins.BackgroundRunPlugin, com.typesafe.sbt.packager.rpm.RpmPlugin, com.typesafe.sbt.web.SbtWeb, com.typesafe.sbt.packager.debian.DebianPlugin, com.typesafe.sbt.packager.archetypes.JavaAppPackaging, com.typesafe.sbt.jse.SbtJsEngine, org.irundaia.sbt.sass.SbtSassify, com.typesafe.sbt.digest.SbtDigest, com.typesafe.sbt.packager.archetypes.JavaServerAppPackaging, com.typesafe.sbt.jse.SbtJsTask, play.sbt.Play, com.typesafe.sbt.jshint.SbtJSHint, com.typesafe.sbt.mocha.SbtMocha, com.typesafe.sbt.less.SbtLess, com.typesafe.sbt.rjs.SbtRjs, com.typesafe.sbt.coffeescript.SbtCoffeeScript, play.sbt.PlayJava, play.sbt.PlayNettyServer, play.sbt.PlayLayoutPlugin, play.sbt.PlayLogback, play.sbt.forkrun.PlayForkRun) not found List()
  :: sorted deduced result: List(sbt.plugins.CorePlugin, com.typesafe.sbt.SbtNativePackager, sbt.plugins.InteractionServicePlugin, sbt.plugins.SendEventServicePlugin, sbt.plugins.SerializersPlugin, sbt.plugins.IvyPlugin, com.typesafe.sbt.packager.universal.UniversalPlugin, sbt.plugins.JvmPlugin, com.typesafe.sbt.packager.windows.WindowsPlugin, com.typesafe.sbt.packager.docker.DockerPlugin, com.typesafe.sbt.packager.linux.LinuxPlugin, play.twirl.sbt.SbtTwirl, play.sbt.routes.RoutesCompiler, com.typesafe.sbteclipse.plugin.EclipsePlugin, com.typesafe.play.sbt.enhancer.PlayEnhancer, sbt.plugins.JUnitXmlReportPlugin, sbt.plugins.BackgroundRunPlugin, com.typesafe.sbt.packager.rpm.RpmPlugin, com.typesafe.sbt.web.SbtWeb, com.typesafe.sbt.packager.debian.DebianPlugin, com.typesafe.sbt.packager.archetypes.JavaAppPackaging, com.typesafe.sbt.jse.SbtJsEngine, org.irundaia.sbt.sass.SbtSassify, com.typesafe.sbt.digest.SbtDigest, com.typesafe.sbt.packager.archetypes.JavaServerAppPackaging, com.typesafe.sbt.jse.SbtJsTask, play.sbt.Play, com.typesafe.sbt.jshint.SbtJSHint, com.typesafe.sbt.mocha.SbtMocha, com.typesafe.sbt.less.SbtLess, com.typesafe.sbt.rjs.SbtRjs, com.typesafe.sbt.coffeescript.SbtCoffeeScript, play.sbt.PlayJava, play.sbt.PlayNettyServer, play.sbt.PlayLayoutPlugin, play.sbt.PlayLogback, play.sbt.forkrun.PlayForkRun)
[Loading] Done in C:\Users\Andrew\play-java-1, returning: (root)
Set current project to play-java (in build file:/C:/Users/Andrew/play-java-1/)
Reapplying settings...
Set current project to play-java (in build file:/C:/Users/Andrew/play-java-1/)
> iflast shell
> server-send-ready-for-request
> server-handle-next-server-request
> {file:/C:/Users/Andrew/play-java-1/}root/compile:mainClass
Evaluating tasks: compile:mainClass
Running task... Cancel: sbt.server.ServerTaskCancellation@5708d9a1, check cycles: false
Total time: 0 s, completed Apr 3, 2017 9:04:58 PM
> server-post-command-cleanup
> server-handle-next-server-request
> {file:/C:/Users/Andrew/play-java-1/}root/compile:discoveredMainClasses
Evaluating tasks: compile:discoveredMainClasses
Running task... Cancel: sbt.server.ServerTaskCancellation@7951e1be, check cycles: false

Initial source changes: 
	removed:Set()
	added: Set()
	modified: Set()
Removed products: Set()
External API changes: API Changes: Set()
Modified binary dependencies: Set()
Initial directly invalidated sources: Set()

Sources indirectly invalidated by:
	product: Set()
	binary dep: Set()
	external source: Set()
All initially invalidated sources: Set()

Total time: 9 s, completed Apr 3, 2017 9:05:07 PM
> server-post-command-cleanup
> server-handle-next-server-request
> {file:/C:/Users/Andrew/play-java-1/}root/compile:mainClass
Evaluating tasks: compile:mainClass
Running task... Cancel: sbt.server.ServerTaskCancellation@74c41772, check cycles: false
Total time: 0 s, completed Apr 3, 2017 9:05:08 PM
> server-post-command-cleanup
> server-handle-next-server-request
> {file:/C:/Users/Andrew/play-java-1/}root/compile:discoveredMainClasses
Evaluating tasks: compile:discoveredMainClasses
Running task... Cancel: sbt.server.ServerTaskCancellation@56516369, check cycles: false

Initial source changes: 
	removed:Set()
	added: Set()
	modified: Set()
Removed products: Set()
External API changes: API Changes: Set()
Modified binary dependencies: Set()
Initial directly invalidated sources: Set()

Sources indirectly invalidated by:
	product: Set()
	binary dep: Set()
	external source: Set()
All initially invalidated sources: Set()

Total time: 1 s, completed Apr 3, 2017 9:05:09 PM
> server-post-command-cleanup
> server-handle-next-server-request
> backgroundRun
Evaluating tasks: compile:backgroundRun
Running task... Cancel: sbt.server.ServerTaskCancellation@4d3cb8e, check cycles: false
Total time: 1 s, completed Apr 3, 2017 9:05:38 PM
> server-post-command-cleanup
> server-handle-next-server-request
> {file:/C:/Users/Andrew/play-java-1/}root/*:playForkConfig
Evaluating tasks: *:playForkConfig
Running task... Cancel: sbt.server.ServerTaskCancellation@7475e8d0, check cycles: false
Total time: 1 s, completed Apr 3, 2017 9:05:49 PM
> server-post-command-cleanup
> server-handle-next-server-request
> root/playForkNotifyStart http://localhost:9000
Evaluating tasks: *:playForkNotifyStart
Running task... Cancel: sbt.server.ServerTaskCancellation@7beeca09, check cycles: false
Total time: 0 s, completed Apr 3, 2017 9:05:55 PM
> server-post-command-cleanup
> server-handle-next-server-request
> {file:/C:/Users/Andrew/play-java-1/}root/*:playForkReload
Evaluating tasks: *:playForkReload
Running task... Cancel: sbt.server.ServerTaskCancellation@30aae4fe, check cycles: false
SLF4J: The following set of substitute loggers may have been accessed
SLF4J: during the initialization phase. Logging calls during this
SLF4J: phase were not honored. However, subsequent logging calls to these
SLF4J: loggers will work as normally expected.
SLF4J: See also http://www.slf4j.org/codes.html#substituteLogger
SLF4J: org.webjars.WebJarExtractor

Initial source changes: 
	removed:Set()
	added: Set()
	modified: Set()
Removed products: Set()
External API changes: API Changes: Set()
Modified binary dependencies: Set()
Initial directly invalidated sources: Set()

Sources indirectly invalidated by:
	product: Set()
	binary dep: Set()
	external source: Set()
All initially invalidated sources: Set()

Copy resource mappings: 
	(C:\Users\Andrew\play-java-1\conf\application.conf,C:\Users\Andrew\play-java-1\target\scala-2.11\classes\application.conf)
	(C:\Users\Andrew\play-java-1\conf\logback.xml,C:\Users\Andrew\play-java-1\target\scala-2.11\classes\logback.xml)
	(C:\Users\Andrew\play-java-1\conf\routes,C:\Users\Andrew\play-java-1\target\scala-2.11\classes\routes)
Warning: node.js detection failed, sbt will use the Rhino based Trireme JavaScript engine instead to run JavaScript assets compilation, which in some cases may be orders of magnitude slower than using node.js.
Total time: 4 s, completed Apr 3, 2017 9:06:03 PM
> server-post-command-cleanup
> server-handle-next-server-request
> compile
Evaluating tasks: compile:compile
Running task... Cancel: sbt.server.ServerTaskCancellation@13954207, check cycles: false

Initial source changes: 
	removed:Set()
	added: Set()
	modified: Set(C:\Users\Andrew\play-java-1\app\controllers\SamplesController.java)
Removed products: Set()
External API changes: API Changes: Set()
Modified binary dependencies: Set()
Initial directly invalidated sources: Set(C:\Users\Andrew\play-java-1\app\controllers\SamplesController.java)

Sources indirectly invalidated by:
	product: Set()
	binary dep: Set()
	external source: Set()
All initially invalidated sources: Set(C:\Users\Andrew\play-java-1\app\controllers\SamplesController.java)

Read from stdout: Compiling 1 Java source to C:\Users\Andrew\play-java-1\target\scala-2.11\classes...
Compiling 1 Java source to C:\Users\Andrew\play-java-1\target\scala-2.11\classes...
Java compilation took 13.964901169 s
Java analysis took 3.133238537 s
Java compile + analysis took 17.195808138 s
New invalidations:
	Set()
Initial set of included nodes: Set()
Previously invalidated, but (transitively) depend on new invalidations:
	Set()
All newly invalidated sources after taking into account (previously) recompiled sources:Set()
Total time: 20 s, completed Apr 3, 2017 9:14:53 PM
> server-post-command-cleanup
> server-handle-next-server-request
> {file:/C:/Users/Andrew/play-java-1/}root/*:playForkReload
Evaluating tasks: *:playForkReload
Running task... Cancel: sbt.server.ServerTaskCancellation@a333239, check cycles: false

Initial source changes: 
	removed:Set()
	added: Set()
	modified: Set()
Removed products: Set()
External API changes: API Changes: Set()
Modified binary dependencies: Set()
Initial directly invalidated sources: Set()

Sources indirectly invalidated by:
	product: Set()
	binary dep: Set()
	external source: Set()
All initially invalidated sources: Set()

Copy resource mappings: 
	(C:\Users\Andrew\play-java-1\conf\application.conf,C:\Users\Andrew\play-java-1\target\scala-2.11\classes\application.conf)
	(C:\Users\Andrew\play-java-1\conf\logback.xml,C:\Users\Andrew\play-java-1\target\scala-2.11\classes\logback.xml)
	(C:\Users\Andrew\play-java-1\conf\routes,C:\Users\Andrew\play-java-1\target\scala-2.11\classes\routes)
Total time: 2 s, completed Apr 3, 2017 9:15:35 PM
> server-post-command-cleanup
> server-handle-next-server-request
> compile
Evaluating tasks: compile:compile
Running task... Cancel: sbt.server.ServerTaskCancellation@611ce128, check cycles: false

Initial source changes: 
	removed:Set()
	added: Set()
	modified: Set(C:\Users\Andrew\play-java-1\app\controllers\SamplesController.java)
Removed products: Set()
External API changes: API Changes: Set()
Modified binary dependencies: Set()
Initial directly invalidated sources: Set(C:\Users\Andrew\play-java-1\app\controllers\SamplesController.java)

Sources indirectly invalidated by:
	product: Set()
	binary dep: Set()
	external source: Set()
All initially invalidated sources: Set(C:\Users\Andrew\play-java-1\app\controllers\SamplesController.java)

Read from stdout: Compiling 1 Java source to C:\Users\Andrew\play-java-1\target\scala-2.11\classes...
Compiling 1 Java source to C:\Users\Andrew\play-java-1\target\scala-2.11\classes...
Read from stdout: C:\Users\Andrew\play-java-1\app\controllers\SamplesController.java:184:  error: ')' expected
C:\Users\Andrew\play-java-1\app\controllers\SamplesController.java:184:  error: ')' expected
Read from stdout: sample.setSegmentCount((Integer.toString(segmentCount));
Read from stdout: ^
        sample.setSegmentCount((Integer.toString(segmentCount));
                                                               ^
Read from stdout: (compile:compileIncremental) javac returned nonzero exit code
(compile:compileIncremental) javac returned nonzero exit code
Total time: 3 s, completed Apr 3, 2017 9:17:28 PM
> server-post-command-error-handler
> server-post-command-cleanup
> server-handle-next-server-request
> compile
Evaluating tasks: compile:compile
Running task... Cancel: sbt.server.ServerTaskCancellation@3be6a66a, check cycles: false

Initial source changes: 
	removed:Set()
	added: Set()
	modified: Set(C:\Users\Andrew\play-java-1\app\controllers\SamplesController.java)
Removed products: Set()
External API changes: API Changes: Set()
Modified binary dependencies: Set()
Initial directly invalidated sources: Set(C:\Users\Andrew\play-java-1\app\controllers\SamplesController.java)

Sources indirectly invalidated by:
	product: Set()
	binary dep: Set()
	external source: Set()
All initially invalidated sources: Set(C:\Users\Andrew\play-java-1\app\controllers\SamplesController.java)

Read from stdout: Compiling 1 Java source to C:\Users\Andrew\play-java-1\target\scala-2.11\classes...
Compiling 1 Java source to C:\Users\Andrew\play-java-1\target\scala-2.11\classes...
Java compilation took 3.057909885 s
Java analysis took 0.214121557 s
Java compile + analysis took 3.315794966 s
New invalidations:
	Set()
Initial set of included nodes: Set()
Previously invalidated, but (transitively) depend on new invalidations:
	Set()
All newly invalidated sources after taking into account (previously) recompiled sources:Set()
Total time: 4 s, completed Apr 3, 2017 9:17:48 PM
> server-post-command-cleanup
> server-handle-next-server-request
> {file:/C:/Users/Andrew/play-java-1/}root/*:playForkReload
Evaluating tasks: *:playForkReload
Running task... Cancel: sbt.server.ServerTaskCancellation@1250b4eb, check cycles: false

Initial source changes: 
	removed:Set()
	added: Set()
	modified: Set()
Removed products: Set()
External API changes: API Changes: Set()
Modified binary dependencies: Set()
Initial directly invalidated sources: Set()

Sources indirectly invalidated by:
	product: Set()
	binary dep: Set()
	external source: Set()
All initially invalidated sources: Set()

Copy resource mappings: 
	(C:\Users\Andrew\play-java-1\conf\application.conf,C:\Users\Andrew\play-java-1\target\scala-2.11\classes\application.conf)
	(C:\Users\Andrew\play-java-1\conf\logback.xml,C:\Users\Andrew\play-java-1\target\scala-2.11\classes\logback.xml)
	(C:\Users\Andrew\play-java-1\conf\routes,C:\Users\Andrew\play-java-1\target\scala-2.11\classes\routes)
Total time: 3 s, completed Apr 3, 2017 9:17:57 PM
> server-post-command-cleanup
> server-handle-next-server-request
> {file:/C:/Users/Andrew/play-java-1/}root/*:playForkReload
Evaluating tasks: *:playForkReload
Running task... Cancel: sbt.server.ServerTaskCancellation@1ce0cc33, check cycles: false

Initial source changes: 
	removed:Set()
	added: Set()
	modified: Set()
Removed products: Set()
External API changes: API Changes: Set()
Modified binary dependencies: Set()
Initial directly invalidated sources: Set()

Sources indirectly invalidated by:
	product: Set()
	binary dep: Set()
	external source: Set()
All initially invalidated sources: Set()

Copy resource mappings: 
	(C:\Users\Andrew\play-java-1\conf\application.conf,C:\Users\Andrew\play-java-1\target\scala-2.11\classes\application.conf)
	(C:\Users\Andrew\play-java-1\conf\logback.xml,C:\Users\Andrew\play-java-1\target\scala-2.11\classes\logback.xml)
	(C:\Users\Andrew\play-java-1\conf\routes,C:\Users\Andrew\play-java-1\target\scala-2.11\classes\routes)
Total time: 2 s, completed Apr 3, 2017 9:18:29 PM
> server-post-command-cleanup
> server-handle-next-server-request
> {file:/C:/Users/Andrew/play-java-1/}root/*:playForkReload
Evaluating tasks: *:playForkReload
Running task... Cancel: sbt.server.ServerTaskCancellation@14a182b8, check cycles: false

Initial source changes: 
	removed:Set()
	added: Set()
	modified: Set()
Removed products: Set()
External API changes: API Changes: Set()
Modified binary dependencies: Set()
Initial directly invalidated sources: Set()

Sources indirectly invalidated by:
	product: Set()
	binary dep: Set()
	external source: Set()
All initially invalidated sources: Set()

Copy resource mappings: 
	(C:\Users\Andrew\play-java-1\conf\application.conf,C:\Users\Andrew\play-java-1\target\scala-2.11\classes\application.conf)
	(C:\Users\Andrew\play-java-1\conf\logback.xml,C:\Users\Andrew\play-java-1\target\scala-2.11\classes\logback.xml)
	(C:\Users\Andrew\play-java-1\conf\routes,C:\Users\Andrew\play-java-1\target\scala-2.11\classes\routes)
Total time: 2 s, completed Apr 3, 2017 9:19:08 PM
> server-post-command-cleanup
> server-handle-next-server-request
> {file:/C:/Users/Andrew/play-java-1/}root/*:playForkReload
Evaluating tasks: *:playForkReload
Running task... Cancel: sbt.server.ServerTaskCancellation@4e8458be, check cycles: false

Initial source changes: 
	removed:Set()
	added: Set()
	modified: Set()
Removed products: Set()
External API changes: API Changes: Set()
Modified binary dependencies: Set()
Initial directly invalidated sources: Set()

Sources indirectly invalidated by:
	product: Set()
	binary dep: Set()
	external source: Set()
All initially invalidated sources: Set()

Copy resource mappings: 
	(C:\Users\Andrew\play-java-1\conf\application.conf,C:\Users\Andrew\play-java-1\target\scala-2.11\classes\application.conf)
	(C:\Users\Andrew\play-java-1\conf\logback.xml,C:\Users\Andrew\play-java-1\target\scala-2.11\classes\logback.xml)
	(C:\Users\Andrew\play-java-1\conf\routes,C:\Users\Andrew\play-java-1\target\scala-2.11\classes\routes)
Total time: 3 s, completed Apr 3, 2017 9:20:34 PM
> server-post-command-cleanup
> server-handle-next-server-request
> compile
Evaluating tasks: compile:compile
Running task... Cancel: sbt.server.ServerTaskCancellation@6d2c8c43, check cycles: false

Initial source changes: 
	removed:Set()
	added: Set()
	modified: Set(C:\Users\Andrew\play-java-1\app\controllers\SamplesController.java)
Removed products: Set()
External API changes: API Changes: Set()
Modified binary dependencies: Set()
Initial directly invalidated sources: Set(C:\Users\Andrew\play-java-1\app\controllers\SamplesController.java)

Sources indirectly invalidated by:
	product: Set()
	binary dep: Set()
	external source: Set()
All initially invalidated sources: Set(C:\Users\Andrew\play-java-1\app\controllers\SamplesController.java)

Read from stdout: Compiling 1 Java source to C:\Users\Andrew\play-java-1\target\scala-2.11\classes...
Compiling 1 Java source to C:\Users\Andrew\play-java-1\target\scala-2.11\classes...
Java compilation took 2.695361667 s
Java analysis took 0.153251452 s
Java compile + analysis took 2.890166956 s
New invalidations:
	Set()
Initial set of included nodes: Set()
Previously invalidated, but (transitively) depend on new invalidations:
	Set()
All newly invalidated sources after taking into account (previously) recompiled sources:Set()
Total time: 4 s, completed Apr 3, 2017 9:22:19 PM
> server-post-command-cleanup
> server-handle-next-server-request
> {file:/C:/Users/Andrew/play-java-1/}root/*:playForkReload
Evaluating tasks: *:playForkReload
Running task... Cancel: sbt.server.ServerTaskCancellation@79cbd03b, check cycles: false

Initial source changes: 
	removed:Set()
	added: Set()
	modified: Set()
Removed products: Set()
External API changes: API Changes: Set()
Modified binary dependencies: Set()
Initial directly invalidated sources: Set()

Sources indirectly invalidated by:
	product: Set()
	binary dep: Set()
	external source: Set()
All initially invalidated sources: Set()

Copy resource mappings: 
	(C:\Users\Andrew\play-java-1\conf\application.conf,C:\Users\Andrew\play-java-1\target\scala-2.11\classes\application.conf)
	(C:\Users\Andrew\play-java-1\conf\logback.xml,C:\Users\Andrew\play-java-1\target\scala-2.11\classes\logback.xml)
	(C:\Users\Andrew\play-java-1\conf\routes,C:\Users\Andrew\play-java-1\target\scala-2.11\classes\routes)
Total time: 2 s, completed Apr 3, 2017 9:22:25 PM
> server-post-command-cleanup
> server-handle-next-server-request
> {file:/C:/Users/Andrew/play-java-1/}root/*:playForkReload
Evaluating tasks: *:playForkReload
Running task... Cancel: sbt.server.ServerTaskCancellation@5cd257a9, check cycles: false

Initial source changes: 
	removed:Set()
	added: Set()
	modified: Set()
Removed products: Set()
External API changes: API Changes: Set()
Modified binary dependencies: Set()
Initial directly invalidated sources: Set()

Sources indirectly invalidated by:
	product: Set()
	binary dep: Set()
	external source: Set()
All initially invalidated sources: Set()

Copy resource mappings: 
	(C:\Users\Andrew\play-java-1\conf\application.conf,C:\Users\Andrew\play-java-1\target\scala-2.11\classes\application.conf)
	(C:\Users\Andrew\play-java-1\conf\logback.xml,C:\Users\Andrew\play-java-1\target\scala-2.11\classes\logback.xml)
	(C:\Users\Andrew\play-java-1\conf\routes,C:\Users\Andrew\play-java-1\target\scala-2.11\classes\routes)
Total time: 2 s, completed Apr 3, 2017 9:23:15 PM
> server-post-command-cleanup
> server-handle-next-server-request
> compile
Evaluating tasks: compile:compile
Running task... Cancel: sbt.server.ServerTaskCancellation@1c871142, check cycles: false

Initial source changes: 
	removed:Set()
	added: Set()
	modified: Set(C:\Users\Andrew\play-java-1\app\controllers\SamplesController.java)
Removed products: Set()
External API changes: API Changes: Set()
Modified binary dependencies: Set()
Initial directly invalidated sources: Set(C:\Users\Andrew\play-java-1\app\controllers\SamplesController.java)

Sources indirectly invalidated by:
	product: Set()
	binary dep: Set()
	external source: Set()
All initially invalidated sources: Set(C:\Users\Andrew\play-java-1\app\controllers\SamplesController.java)

Read from stdout: Compiling 1 Java source to C:\Users\Andrew\play-java-1\target\scala-2.11\classes...
Compiling 1 Java source to C:\Users\Andrew\play-java-1\target\scala-2.11\classes...
Java compilation took 2.605535979 s
Java analysis took 0.100275836 s
Java compile + analysis took 2.769546345 s
New invalidations:
	Set()
Initial set of included nodes: Set()
Previously invalidated, but (transitively) depend on new invalidations:
	Set()
All newly invalidated sources after taking into account (previously) recompiled sources:Set()
Total time: 4 s, completed Apr 3, 2017 9:23:44 PM
> server-post-command-cleanup
> server-handle-next-server-request
> {file:/C:/Users/Andrew/play-java-1/}root/*:playForkReload
Evaluating tasks: *:playForkReload
Running task... Cancel: sbt.server.ServerTaskCancellation@66814b70, check cycles: false

Initial source changes: 
	removed:Set()
	added: Set()
	modified: Set()
Removed products: Set()
External API changes: API Changes: Set()
Modified binary dependencies: Set()
Initial directly invalidated sources: Set()

Sources indirectly invalidated by:
	product: Set()
	binary dep: Set()
	external source: Set()
All initially invalidated sources: Set()

Copy resource mappings: 
	(C:\Users\Andrew\play-java-1\conf\application.conf,C:\Users\Andrew\play-java-1\target\scala-2.11\classes\application.conf)
	(C:\Users\Andrew\play-java-1\conf\logback.xml,C:\Users\Andrew\play-java-1\target\scala-2.11\classes\logback.xml)
	(C:\Users\Andrew\play-java-1\conf\routes,C:\Users\Andrew\play-java-1\target\scala-2.11\classes\routes)
Total time: 1 s, completed Apr 3, 2017 9:23:45 PM
> server-post-command-cleanup
> server-handle-next-server-request
> {file:/C:/Users/Andrew/play-java-1/}root/*:playForkReload
Evaluating tasks: *:playForkReload
Running task... Cancel: sbt.server.ServerTaskCancellation@7be5eb59, check cycles: false

Initial source changes: 
	removed:Set()
	added: Set()
	modified: Set()
Removed products: Set()
External API changes: API Changes: Set()
Modified binary dependencies: Set()
Initial directly invalidated sources: Set()

Sources indirectly invalidated by:
	product: Set()
	binary dep: Set()
	external source: Set()
All initially invalidated sources: Set()

Copy resource mappings: 
	(C:\Users\Andrew\play-java-1\conf\application.conf,C:\Users\Andrew\play-java-1\target\scala-2.11\classes\application.conf)
	(C:\Users\Andrew\play-java-1\conf\logback.xml,C:\Users\Andrew\play-java-1\target\scala-2.11\classes\logback.xml)
	(C:\Users\Andrew\play-java-1\conf\routes,C:\Users\Andrew\play-java-1\target\scala-2.11\classes\routes)
Total time: 2 s, completed Apr 3, 2017 9:24:23 PM
> server-post-command-cleanup
> server-handle-next-server-request
> compile
Evaluating tasks: compile:compile
Running task... Cancel: sbt.server.ServerTaskCancellation@7497e4f9, check cycles: false

Initial source changes: 
	removed:Set()
	added: Set()
	modified: Set(C:\Users\Andrew\play-java-1\app\controllers\SamplesController.java)
Removed products: Set()
External API changes: API Changes: Set()
Modified binary dependencies: Set()
Initial directly invalidated sources: Set(C:\Users\Andrew\play-java-1\app\controllers\SamplesController.java)

Sources indirectly invalidated by:
	product: Set()
	binary dep: Set()
	external source: Set()
All initially invalidated sources: Set(C:\Users\Andrew\play-java-1\app\controllers\SamplesController.java)

Read from stdout: Compiling 1 Java source to C:\Users\Andrew\play-java-1\target\scala-2.11\classes...
Compiling 1 Java source to C:\Users\Andrew\play-java-1\target\scala-2.11\classes...
Java compilation took 2.938081716 s
Java analysis took 1.02904197 s
Java compile + analysis took 3.997994304 s
New invalidations:
	Set()
Initial set of included nodes: Set()
Previously invalidated, but (transitively) depend on new invalidations:
	Set()
All newly invalidated sources after taking into account (previously) recompiled sources:Set()
Total time: 5 s, completed Apr 3, 2017 9:24:58 PM
> server-post-command-cleanup
> server-handle-next-server-request
> compile
Evaluating tasks: compile:compile
Running task... Cancel: sbt.server.ServerTaskCancellation@4f506586, check cycles: false

Initial source changes: 
	removed:Set()
	added: Set()
	modified: Set(C:\Users\Andrew\play-java-1\app\services\SegAttributesTable.java)
Removed products: Set()
External API changes: API Changes: Set()
Modified binary dependencies: Set()
Initial directly invalidated sources: Set(C:\Users\Andrew\play-java-1\app\services\SegAttributesTable.java)

Sources indirectly invalidated by:
	product: Set()
	binary dep: Set()
	external source: Set()
All initially invalidated sources: Set(C:\Users\Andrew\play-java-1\app\services\SegAttributesTable.java)

Read from stdout: Compiling 1 Java source to C:\Users\Andrew\play-java-1\target\scala-2.11\classes...
Compiling 1 Java source to C:\Users\Andrew\play-java-1\target\scala-2.11\classes...
Java compilation took 3.187918353 s
Java analysis took 0.081253367 s
Java compile + analysis took 3.306336974 s
New invalidations:
	Set()
Initial set of included nodes: Set()
Previously invalidated, but (transitively) depend on new invalidations:
	Set()
All newly invalidated sources after taking into account (previously) recompiled sources:Set()
Total time: 4 s, completed Apr 3, 2017 9:26:42 PM
> server-post-command-cleanup
> server-handle-next-server-request
> {file:/C:/Users/Andrew/play-java-1/}root/*:playForkReload
Evaluating tasks: *:playForkReload
Running task... Cancel: sbt.server.ServerTaskCancellation@159e9d0f, check cycles: false

Initial source changes: 
	removed:Set()
	added: Set()
	modified: Set()
Removed products: Set()
External API changes: API Changes: Set()
Modified binary dependencies: Set()
Initial directly invalidated sources: Set()

Sources indirectly invalidated by:
	product: Set()
	binary dep: Set()
	external source: Set()
All initially invalidated sources: Set()

Copy resource mappings: 
	(C:\Users\Andrew\play-java-1\conf\application.conf,C:\Users\Andrew\play-java-1\target\scala-2.11\classes\application.conf)
	(C:\Users\Andrew\play-java-1\conf\logback.xml,C:\Users\Andrew\play-java-1\target\scala-2.11\classes\logback.xml)
	(C:\Users\Andrew\play-java-1\conf\routes,C:\Users\Andrew\play-java-1\target\scala-2.11\classes\routes)
Total time: 2 s, completed Apr 3, 2017 9:27:33 PM
> server-post-command-cleanup
> server-handle-next-server-request
> {file:/C:/Users/Andrew/play-java-1/}root/*:playForkReload
Evaluating tasks: *:playForkReload
Running task... Cancel: sbt.server.ServerTaskCancellation@60ea5480, check cycles: false

Initial source changes: 
	removed:Set()
	added: Set()
	modified: Set()
Removed products: Set()
External API changes: API Changes: Set()
Modified binary dependencies: Set()
Initial directly invalidated sources: Set()

Sources indirectly invalidated by:
	product: Set()
	binary dep: Set()
	external source: Set()
All initially invalidated sources: Set()

Copy resource mappings: 
	(C:\Users\Andrew\play-java-1\conf\application.conf,C:\Users\Andrew\play-java-1\target\scala-2.11\classes\application.conf)
	(C:\Users\Andrew\play-java-1\conf\logback.xml,C:\Users\Andrew\play-java-1\target\scala-2.11\classes\logback.xml)
	(C:\Users\Andrew\play-java-1\conf\routes,C:\Users\Andrew\play-java-1\target\scala-2.11\classes\routes)
Total time: 3 s, completed Apr 3, 2017 9:28:17 PM
> server-post-command-cleanup
> server-handle-next-server-request
> compile
Evaluating tasks: compile:compile
Running task... Cancel: sbt.server.ServerTaskCancellation@3cd33354, check cycles: false

Initial source changes: 
	removed:Set()
	added: Set()
	modified: Set(C:\Users\Andrew\play-java-1\app\controllers\SamplesController.java)
Removed products: Set()
External API changes: API Changes: Set()
Modified binary dependencies: Set()
Initial directly invalidated sources: Set(C:\Users\Andrew\play-java-1\app\controllers\SamplesController.java)

Sources indirectly invalidated by:
	product: Set()
	binary dep: Set()
	external source: Set()
All initially invalidated sources: Set(C:\Users\Andrew\play-java-1\app\controllers\SamplesController.java)

Read from stdout: Compiling 1 Java source to C:\Users\Andrew\play-java-1\target\scala-2.11\classes...
Compiling 1 Java source to C:\Users\Andrew\play-java-1\target\scala-2.11\classes...
Java compilation took 2.794526459 s
Java analysis took 0.142960819 s
Java compile + analysis took 2.974653386 s
New invalidations:
	Set()
Initial set of included nodes: Set()
Previously invalidated, but (transitively) depend on new invalidations:
	Set()
All newly invalidated sources after taking into account (previously) recompiled sources:Set()
Total time: 4 s, completed Apr 3, 2017 9:33:27 PM
> server-post-command-cleanup
> server-handle-next-server-request
> {file:/C:/Users/Andrew/play-java-1/}root/*:playForkReload
Evaluating tasks: *:playForkReload
Running task... Cancel: sbt.server.ServerTaskCancellation@629a64b4, check cycles: false

Initial source changes: 
	removed:Set()
	added: Set()
	modified: Set()
Removed products: Set()
External API changes: API Changes: Set()
Modified binary dependencies: Set()
Initial directly invalidated sources: Set()

Sources indirectly invalidated by:
	product: Set()
	binary dep: Set()
	external source: Set()
All initially invalidated sources: Set()

Copy resource mappings: 
	(C:\Users\Andrew\play-java-1\conf\application.conf,C:\Users\Andrew\play-java-1\target\scala-2.11\classes\application.conf)
	(C:\Users\Andrew\play-java-1\conf\logback.xml,C:\Users\Andrew\play-java-1\target\scala-2.11\classes\logback.xml)
	(C:\Users\Andrew\play-java-1\conf\routes,C:\Users\Andrew\play-java-1\target\scala-2.11\classes\routes)
Total time: 2 s, completed Apr 3, 2017 9:33:30 PM
> server-post-command-cleanup
> server-handle-next-server-request
> compile
Evaluating tasks: compile:compile
Running task... Cancel: sbt.server.ServerTaskCancellation@65905b20, check cycles: false

Initial source changes: 
	removed:Set()
	added: Set()
	modified: Set(C:\Users\Andrew\play-java-1\app\controllers\SamplesController.java)
Removed products: Set()
External API changes: API Changes: Set()
Modified binary dependencies: Set()
Initial directly invalidated sources: Set(C:\Users\Andrew\play-java-1\app\controllers\SamplesController.java)

Sources indirectly invalidated by:
	product: Set()
	binary dep: Set()
	external source: Set()
All initially invalidated sources: Set(C:\Users\Andrew\play-java-1\app\controllers\SamplesController.java)

Read from stdout: Compiling 1 Java source to C:\Users\Andrew\play-java-1\target\scala-2.11\classes...
Compiling 1 Java source to C:\Users\Andrew\play-java-1\target\scala-2.11\classes...
Java compilation took 2.846196019 s
Java analysis took 0.150936134 s
Java compile + analysis took 3.045532729 s
New invalidations:
	Set()
Initial set of included nodes: Set()
Previously invalidated, but (transitively) depend on new invalidations:
	Set()
All newly invalidated sources after taking into account (previously) recompiled sources:Set()
Total time: 4 s, completed Apr 3, 2017 9:34:42 PM
> server-post-command-cleanup
> server-handle-next-server-request
> compile
Evaluating tasks: compile:compile
Running task... Cancel: sbt.server.ServerTaskCancellation@17d1e4fc, check cycles: false

Initial source changes: 
	removed:Set()
	added: Set()
	modified: Set(C:\Users\Andrew\play-java-1\app\services\SegAttributesTable.java)
Removed products: Set()
External API changes: API Changes: Set()
Modified binary dependencies: Set()
Initial directly invalidated sources: Set(C:\Users\Andrew\play-java-1\app\services\SegAttributesTable.java)

Sources indirectly invalidated by:
	product: Set()
	binary dep: Set()
	external source: Set()
All initially invalidated sources: Set(C:\Users\Andrew\play-java-1\app\services\SegAttributesTable.java)

Read from stdout: Compiling 1 Java source to C:\Users\Andrew\play-java-1\target\scala-2.11\classes...
Compiling 1 Java source to C:\Users\Andrew\play-java-1\target\scala-2.11\classes...
Java compilation took 2.221784257 s
Java analysis took 0.059473387 s
Java compile + analysis took 2.34263238 s
New invalidations:
	Set()
Initial set of included nodes: Set()
Previously invalidated, but (transitively) depend on new invalidations:
	Set()
All newly invalidated sources after taking into account (previously) recompiled sources:Set()
Total time: 3 s, completed Apr 3, 2017 9:36:03 PM
> server-post-command-cleanup
> server-handle-next-server-request
> {file:/C:/Users/Andrew/play-java-1/}root/*:playForkReload
Evaluating tasks: *:playForkReload
Running task... Cancel: sbt.server.ServerTaskCancellation@55153018, check cycles: false

Initial source changes: 
	removed:Set()
	added: Set()
	modified: Set()
Removed products: Set()
External API changes: API Changes: Set()
Modified binary dependencies: Set()
Initial directly invalidated sources: Set()

Sources indirectly invalidated by:
	product: Set()
	binary dep: Set()
	external source: Set()
All initially invalidated sources: Set()

Copy resource mappings: 
	(C:\Users\Andrew\play-java-1\conf\application.conf,C:\Users\Andrew\play-java-1\target\scala-2.11\classes\application.conf)
	(C:\Users\Andrew\play-java-1\conf\logback.xml,C:\Users\Andrew\play-java-1\target\scala-2.11\classes\logback.xml)
	(C:\Users\Andrew\play-java-1\conf\routes,C:\Users\Andrew\play-java-1\target\scala-2.11\classes\routes)
Total time: 3 s, completed Apr 3, 2017 9:36:09 PM
> server-post-command-cleanup
> server-handle-next-server-request
> {file:/C:/Users/Andrew/play-java-1/}root/*:playForkReload
Evaluating tasks: *:playForkReload
Running task... Cancel: sbt.server.ServerTaskCancellation@1e1232c0, check cycles: false

Initial source changes: 
	removed:Set()
	added: Set()
	modified: Set()
Removed products: Set()
External API changes: API Changes: Set()
Modified binary dependencies: Set()
Initial directly invalidated sources: Set()

Sources indirectly invalidated by:
	product: Set()
	binary dep: Set()
	external source: Set()
All initially invalidated sources: Set()

Copy resource mappings: 
	(C:\Users\Andrew\play-java-1\conf\application.conf,C:\Users\Andrew\play-java-1\target\scala-2.11\classes\application.conf)
	(C:\Users\Andrew\play-java-1\conf\logback.xml,C:\Users\Andrew\play-java-1\target\scala-2.11\classes\logback.xml)
	(C:\Users\Andrew\play-java-1\conf\routes,C:\Users\Andrew\play-java-1\target\scala-2.11\classes\routes)
Total time: 2 s, completed Apr 3, 2017 9:36:49 PM
> server-post-command-cleanup
> server-handle-next-server-request
> {file:/C:/Users/Andrew/play-java-1/}root/*:playForkReload
Evaluating tasks: *:playForkReload
Running task... Cancel: sbt.server.ServerTaskCancellation@79c7a91c, check cycles: false

Initial source changes: 
	removed:Set()
	added: Set()
	modified: Set()
Removed products: Set()
External API changes: API Changes: Set()
Modified binary dependencies: Set()
Initial directly invalidated sources: Set()

Sources indirectly invalidated by:
	product: Set()
	binary dep: Set()
	external source: Set()
All initially invalidated sources: Set()

Copy resource mappings: 
	(C:\Users\Andrew\play-java-1\conf\application.conf,C:\Users\Andrew\play-java-1\target\scala-2.11\classes\application.conf)
	(C:\Users\Andrew\play-java-1\conf\logback.xml,C:\Users\Andrew\play-java-1\target\scala-2.11\classes\logback.xml)
	(C:\Users\Andrew\play-java-1\conf\routes,C:\Users\Andrew\play-java-1\target\scala-2.11\classes\routes)
Total time: 2 s, completed Apr 3, 2017 9:44:37 PM
> server-post-command-cleanup
> server-handle-next-server-request
> {file:/C:/Users/Andrew/play-java-1/}root/*:playForkReload
Evaluating tasks: *:playForkReload
Running task... Cancel: sbt.server.ServerTaskCancellation@463fab1b, check cycles: false

Initial source changes: 
	removed:Set()
	added: Set()
	modified: Set()
Removed products: Set()
External API changes: API Changes: Set()
Modified binary dependencies: Set()
Initial directly invalidated sources: Set()

Sources indirectly invalidated by:
	product: Set()
	binary dep: Set()
	external source: Set()
All initially invalidated sources: Set()

Copy resource mappings: 
	(C:\Users\Andrew\play-java-1\conf\application.conf,C:\Users\Andrew\play-java-1\target\scala-2.11\classes\application.conf)
	(C:\Users\Andrew\play-java-1\conf\logback.xml,C:\Users\Andrew\play-java-1\target\scala-2.11\classes\logback.xml)
	(C:\Users\Andrew\play-java-1\conf\routes,C:\Users\Andrew\play-java-1\target\scala-2.11\classes\routes)
Total time: 2 s, completed Apr 3, 2017 9:45:33 PM
> server-post-command-cleanup
> server-handle-next-server-request
> {file:/C:/Users/Andrew/play-java-1/}root/*:playForkReload
Evaluating tasks: *:playForkReload
Running task... Cancel: sbt.server.ServerTaskCancellation@48bee90f, check cycles: false

Initial source changes: 
	removed:Set()
	added: Set()
	modified: Set()
Removed products: Set()
External API changes: API Changes: Set()
Modified binary dependencies: Set()
Initial directly invalidated sources: Set()

Sources indirectly invalidated by:
	product: Set()
	binary dep: Set()
	external source: Set()
All initially invalidated sources: Set()

Copy resource mappings: 
	(C:\Users\Andrew\play-java-1\conf\application.conf,C:\Users\Andrew\play-java-1\target\scala-2.11\classes\application.conf)
	(C:\Users\Andrew\play-java-1\conf\logback.xml,C:\Users\Andrew\play-java-1\target\scala-2.11\classes\logback.xml)
	(C:\Users\Andrew\play-java-1\conf\routes,C:\Users\Andrew\play-java-1\target\scala-2.11\classes\routes)
Total time: 2 s, completed Apr 3, 2017 9:45:37 PM
> server-post-command-cleanup
> server-handle-next-server-request
> {file:/C:/Users/Andrew/play-java-1/}root/*:playForkReload
Evaluating tasks: *:playForkReload
Running task... Cancel: sbt.server.ServerTaskCancellation@68dba5c, check cycles: false

Initial source changes: 
	removed:Set()
	added: Set()
	modified: Set()
Removed products: Set()
External API changes: API Changes: Set()
Modified binary dependencies: Set()
Initial directly invalidated sources: Set()

Sources indirectly invalidated by:
	product: Set()
	binary dep: Set()
	external source: Set()
All initially invalidated sources: Set()

Copy resource mappings: 
	(C:\Users\Andrew\play-java-1\conf\application.conf,C:\Users\Andrew\play-java-1\target\scala-2.11\classes\application.conf)
	(C:\Users\Andrew\play-java-1\conf\logback.xml,C:\Users\Andrew\play-java-1\target\scala-2.11\classes\logback.xml)
	(C:\Users\Andrew\play-java-1\conf\routes,C:\Users\Andrew\play-java-1\target\scala-2.11\classes\routes)
Total time: 3 s, completed Apr 3, 2017 9:46:56 PM
> server-post-command-cleanup
> server-handle-next-server-request
> {file:/C:/Users/Andrew/play-java-1/}root/*:playForkReload
Evaluating tasks: *:playForkReload
Running task... Cancel: sbt.server.ServerTaskCancellation@7779c868, check cycles: false

Initial source changes: 
	removed:Set()
	added: Set()
	modified: Set()
Removed products: Set()
External API changes: API Changes: Set()
Modified binary dependencies: Set()
Initial directly invalidated sources: Set()

Sources indirectly invalidated by:
	product: Set()
	binary dep: Set()
	external source: Set()
All initially invalidated sources: Set()

Copy resource mappings: 
	(C:\Users\Andrew\play-java-1\conf\application.conf,C:\Users\Andrew\play-java-1\target\scala-2.11\classes\application.conf)
	(C:\Users\Andrew\play-java-1\conf\logback.xml,C:\Users\Andrew\play-java-1\target\scala-2.11\classes\logback.xml)
	(C:\Users\Andrew\play-java-1\conf\routes,C:\Users\Andrew\play-java-1\target\scala-2.11\classes\routes)
Total time: 2 s, completed Apr 3, 2017 9:47:08 PM
> server-post-command-cleanup
> server-handle-next-server-request
> {file:/C:/Users/Andrew/play-java-1/}root/*:playForkReload
Evaluating tasks: *:playForkReload
Running task... Cancel: sbt.server.ServerTaskCancellation@1d61b68a, check cycles: false

Initial source changes: 
	removed:Set()
	added: Set()
	modified: Set()
Removed products: Set()
External API changes: API Changes: Set()
Modified binary dependencies: Set()
Initial directly invalidated sources: Set()

Sources indirectly invalidated by:
	product: Set()
	binary dep: Set()
	external source: Set()
All initially invalidated sources: Set()

Copy resource mappings: 
	(C:\Users\Andrew\play-java-1\conf\application.conf,C:\Users\Andrew\play-java-1\target\scala-2.11\classes\application.conf)
	(C:\Users\Andrew\play-java-1\conf\logback.xml,C:\Users\Andrew\play-java-1\target\scala-2.11\classes\logback.xml)
	(C:\Users\Andrew\play-java-1\conf\routes,C:\Users\Andrew\play-java-1\target\scala-2.11\classes\routes)
Total time: 2 s, completed Apr 3, 2017 9:47:26 PM
> server-post-command-cleanup
> server-handle-next-server-request
> {file:/C:/Users/Andrew/play-java-1/}root/*:playForkReload
Evaluating tasks: *:playForkReload
Running task... Cancel: sbt.server.ServerTaskCancellation@676f76ab, check cycles: false

Initial source changes: 
	removed:Set()
	added: Set()
	modified: Set()
Removed products: Set()
External API changes: API Changes: Set()
Modified binary dependencies: Set()
Initial directly invalidated sources: Set()

Sources indirectly invalidated by:
	product: Set()
	binary dep: Set()
	external source: Set()
All initially invalidated sources: Set()

Copy resource mappings: 
	(C:\Users\Andrew\play-java-1\conf\application.conf,C:\Users\Andrew\play-java-1\target\scala-2.11\classes\application.conf)
	(C:\Users\Andrew\play-java-1\conf\logback.xml,C:\Users\Andrew\play-java-1\target\scala-2.11\classes\logback.xml)
	(C:\Users\Andrew\play-java-1\conf\routes,C:\Users\Andrew\play-java-1\target\scala-2.11\classes\routes)
Total time: 2 s, completed Apr 3, 2017 9:53:37 PM
> server-post-command-cleanup
> server-handle-next-server-request
> {file:/C:/Users/Andrew/play-java-1/}root/*:playForkReload
Evaluating tasks: *:playForkReload
Running task... Cancel: sbt.server.ServerTaskCancellation@3a01550d, check cycles: false

Initial source changes: 
	removed:Set()
	added: Set()
	modified: Set()
Removed products: Set()
External API changes: API Changes: Set()
Modified binary dependencies: Set()
Initial directly invalidated sources: Set()

Sources indirectly invalidated by:
	product: Set()
	binary dep: Set()
	external source: Set()
All initially invalidated sources: Set()

Copy resource mappings: 
	(C:\Users\Andrew\play-java-1\conf\application.conf,C:\Users\Andrew\play-java-1\target\scala-2.11\classes\application.conf)
	(C:\Users\Andrew\play-java-1\conf\logback.xml,C:\Users\Andrew\play-java-1\target\scala-2.11\classes\logback.xml)
	(C:\Users\Andrew\play-java-1\conf\routes,C:\Users\Andrew\play-java-1\target\scala-2.11\classes\routes)
Total time: 2 s, completed Apr 3, 2017 9:54:15 PM
> server-post-command-cleanup
> server-handle-next-server-request
> {file:/C:/Users/Andrew/play-java-1/}root/*:playForkReload
Evaluating tasks: *:playForkReload
Running task... Cancel: sbt.server.ServerTaskCancellation@27adc0c, check cycles: false

Initial source changes: 
	removed:Set()
	added: Set()
	modified: Set()
Removed products: Set()
External API changes: API Changes: Set()
Modified binary dependencies: Set()
Initial directly invalidated sources: Set()

Sources indirectly invalidated by:
	product: Set()
	binary dep: Set()
	external source: Set()
All initially invalidated sources: Set()

Copy resource mappings: 
	(C:\Users\Andrew\play-java-1\conf\application.conf,C:\Users\Andrew\play-java-1\target\scala-2.11\classes\application.conf)
	(C:\Users\Andrew\play-java-1\conf\logback.xml,C:\Users\Andrew\play-java-1\target\scala-2.11\classes\logback.xml)
	(C:\Users\Andrew\play-java-1\conf\routes,C:\Users\Andrew\play-java-1\target\scala-2.11\classes\routes)
Total time: 2 s, completed Apr 3, 2017 9:59:33 PM
> server-post-command-cleanup
> server-handle-next-server-request
> {file:/C:/Users/Andrew/play-java-1/}root/*:playForkReload
Evaluating tasks: *:playForkReload
Running task... Cancel: sbt.server.ServerTaskCancellation@1612f4ff, check cycles: false

Initial source changes: 
	removed:Set()
	added: Set()
	modified: Set()
Removed products: Set()
External API changes: API Changes: Set()
Modified binary dependencies: Set()
Initial directly invalidated sources: Set()

Sources indirectly invalidated by:
	product: Set()
	binary dep: Set()
	external source: Set()
All initially invalidated sources: Set()

Copy resource mappings: 
	(C:\Users\Andrew\play-java-1\conf\application.conf,C:\Users\Andrew\play-java-1\target\scala-2.11\classes\application.conf)
	(C:\Users\Andrew\play-java-1\conf\logback.xml,C:\Users\Andrew\play-java-1\target\scala-2.11\classes\logback.xml)
	(C:\Users\Andrew\play-java-1\conf\routes,C:\Users\Andrew\play-java-1\target\scala-2.11\classes\routes)
Total time: 2 s, completed Apr 3, 2017 10:00:12 PM
> server-post-command-cleanup
> server-handle-next-server-request
> {file:/C:/Users/Andrew/play-java-1/}root/*:playForkReload
Evaluating tasks: *:playForkReload
Running task... Cancel: sbt.server.ServerTaskCancellation@4528778e, check cycles: false

Initial source changes: 
	removed:Set()
	added: Set()
	modified: Set()
Removed products: Set()
External API changes: API Changes: Set()
Modified binary dependencies: Set()
Initial directly invalidated sources: Set()

Sources indirectly invalidated by:
	product: Set()
	binary dep: Set()
	external source: Set()
All initially invalidated sources: Set()

Copy resource mappings: 
	(C:\Users\Andrew\play-java-1\conf\application.conf,C:\Users\Andrew\play-java-1\target\scala-2.11\classes\application.conf)
	(C:\Users\Andrew\play-java-1\conf\logback.xml,C:\Users\Andrew\play-java-1\target\scala-2.11\classes\logback.xml)
	(C:\Users\Andrew\play-java-1\conf\routes,C:\Users\Andrew\play-java-1\target\scala-2.11\classes\routes)
Total time: 2 s, completed Apr 3, 2017 10:01:15 PM
> server-post-command-cleanup
> server-handle-next-server-request
> {file:/C:/Users/Andrew/play-java-1/}root/*:playForkReload
Evaluating tasks: *:playForkReload
Running task... Cancel: sbt.server.ServerTaskCancellation@3766e75, check cycles: false

Initial source changes: 
	removed:Set()
	added: Set()
	modified: Set()
Removed products: Set()
External API changes: API Changes: Set()
Modified binary dependencies: Set()
Initial directly invalidated sources: Set()

Sources indirectly invalidated by:
	product: Set()
	binary dep: Set()
	external source: Set()
All initially invalidated sources: Set()

Copy resource mappings: 
	(C:\Users\Andrew\play-java-1\conf\application.conf,C:\Users\Andrew\play-java-1\target\scala-2.11\classes\application.conf)
	(C:\Users\Andrew\play-java-1\conf\logback.xml,C:\Users\Andrew\play-java-1\target\scala-2.11\classes\logback.xml)
	(C:\Users\Andrew\play-java-1\conf\routes,C:\Users\Andrew\play-java-1\target\scala-2.11\classes\routes)
Total time: 2 s, completed Apr 3, 2017 10:02:36 PM
> server-post-command-cleanup
> server-handle-next-server-request
> {file:/C:/Users/Andrew/play-java-1/}root/*:playForkReload
Evaluating tasks: *:playForkReload
Running task... Cancel: sbt.server.ServerTaskCancellation@4aa676f4, check cycles: false

Initial source changes: 
	removed:Set()
	added: Set()
	modified: Set()
Removed products: Set()
External API changes: API Changes: Set()
Modified binary dependencies: Set()
Initial directly invalidated sources: Set()

Sources indirectly invalidated by:
	product: Set()
	binary dep: Set()
	external source: Set()
All initially invalidated sources: Set()

Copy resource mappings: 
	(C:\Users\Andrew\play-java-1\conf\application.conf,C:\Users\Andrew\play-java-1\target\scala-2.11\classes\application.conf)
	(C:\Users\Andrew\play-java-1\conf\logback.xml,C:\Users\Andrew\play-java-1\target\scala-2.11\classes\logback.xml)
	(C:\Users\Andrew\play-java-1\conf\routes,C:\Users\Andrew\play-java-1\target\scala-2.11\classes\routes)
Total time: 2 s, completed Apr 3, 2017 10:03:37 PM
> server-post-command-cleanup
> server-handle-next-server-request
> {file:/C:/Users/Andrew/play-java-1/}root/*:playForkReload
Evaluating tasks: *:playForkReload
Running task... Cancel: sbt.server.ServerTaskCancellation@47dc58cb, check cycles: false

Initial source changes: 
	removed:Set()
	added: Set()
	modified: Set()
Removed products: Set()
External API changes: API Changes: Set()
Modified binary dependencies: Set()
Initial directly invalidated sources: Set()

Sources indirectly invalidated by:
	product: Set()
	binary dep: Set()
	external source: Set()
All initially invalidated sources: Set()

Copy resource mappings: 
	(C:\Users\Andrew\play-java-1\conf\application.conf,C:\Users\Andrew\play-java-1\target\scala-2.11\classes\application.conf)
	(C:\Users\Andrew\play-java-1\conf\logback.xml,C:\Users\Andrew\play-java-1\target\scala-2.11\classes\logback.xml)
	(C:\Users\Andrew\play-java-1\conf\routes,C:\Users\Andrew\play-java-1\target\scala-2.11\classes\routes)
Total time: 2 s, completed Apr 3, 2017 10:05:30 PM
> server-post-command-cleanup
> server-handle-next-server-request
> {file:/C:/Users/Andrew/play-java-1/}root/*:playForkReload
Evaluating tasks: *:playForkReload
Running task... Cancel: sbt.server.ServerTaskCancellation@2af78eff, check cycles: false

Initial source changes: 
	removed:Set()
	added: Set()
	modified: Set()
Removed products: Set()
External API changes: API Changes: Set()
Modified binary dependencies: Set()
Initial directly invalidated sources: Set()

Sources indirectly invalidated by:
	product: Set()
	binary dep: Set()
	external source: Set()
All initially invalidated sources: Set()

Copy resource mappings: 
	(C:\Users\Andrew\play-java-1\conf\application.conf,C:\Users\Andrew\play-java-1\target\scala-2.11\classes\application.conf)
	(C:\Users\Andrew\play-java-1\conf\logback.xml,C:\Users\Andrew\play-java-1\target\scala-2.11\classes\logback.xml)
	(C:\Users\Andrew\play-java-1\conf\routes,C:\Users\Andrew\play-java-1\target\scala-2.11\classes\routes)
Total time: 2 s, completed Apr 3, 2017 10:06:14 PM
> server-post-command-cleanup
> server-handle-next-server-request
> {file:/C:/Users/Andrew/play-java-1/}root/*:playForkReload
Evaluating tasks: *:playForkReload
Running task... Cancel: sbt.server.ServerTaskCancellation@d120429, check cycles: false

Initial source changes: 
	removed:Set()
	added: Set()
	modified: Set()
Removed products: Set()
External API changes: API Changes: Set()
Modified binary dependencies: Set()
Initial directly invalidated sources: Set()

Sources indirectly invalidated by:
	product: Set()
	binary dep: Set()
	external source: Set()
All initially invalidated sources: Set()

Copy resource mappings: 
	(C:\Users\Andrew\play-java-1\conf\application.conf,C:\Users\Andrew\play-java-1\target\scala-2.11\classes\application.conf)
	(C:\Users\Andrew\play-java-1\conf\logback.xml,C:\Users\Andrew\play-java-1\target\scala-2.11\classes\logback.xml)
	(C:\Users\Andrew\play-java-1\conf\routes,C:\Users\Andrew\play-java-1\target\scala-2.11\classes\routes)
Total time: 2 s, completed Apr 3, 2017 10:07:18 PM
> server-post-command-cleanup
> server-handle-next-server-request
> {file:/C:/Users/Andrew/play-java-1/}root/*:playForkReload
Evaluating tasks: *:playForkReload
Running task... Cancel: sbt.server.ServerTaskCancellation@1b6623fc, check cycles: false

Initial source changes: 
	removed:Set()
	added: Set()
	modified: Set()
Removed products: Set()
External API changes: API Changes: Set()
Modified binary dependencies: Set()
Initial directly invalidated sources: Set()

Sources indirectly invalidated by:
	product: Set()
	binary dep: Set()
	external source: Set()
All initially invalidated sources: Set()

Copy resource mappings: 
	(C:\Users\Andrew\play-java-1\conf\application.conf,C:\Users\Andrew\play-java-1\target\scala-2.11\classes\application.conf)
	(C:\Users\Andrew\play-java-1\conf\logback.xml,C:\Users\Andrew\play-java-1\target\scala-2.11\classes\logback.xml)
	(C:\Users\Andrew\play-java-1\conf\routes,C:\Users\Andrew\play-java-1\target\scala-2.11\classes\routes)
Total time: 3 s, completed Apr 3, 2017 10:08:06 PM
> server-post-command-cleanup
> server-handle-next-server-request
> {file:/C:/Users/Andrew/play-java-1/}root/*:playForkReload
Evaluating tasks: *:playForkReload
Running task... Cancel: sbt.server.ServerTaskCancellation@4f1368d1, check cycles: false

Initial source changes: 
	removed:Set()
	added: Set()
	modified: Set()
Removed products: Set()
External API changes: API Changes: Set()
Modified binary dependencies: Set()
Initial directly invalidated sources: Set()

Sources indirectly invalidated by:
	product: Set()
	binary dep: Set()
	external source: Set()
All initially invalidated sources: Set()

Copy resource mappings: 
	(C:\Users\Andrew\play-java-1\conf\application.conf,C:\Users\Andrew\play-java-1\target\scala-2.11\classes\application.conf)
	(C:\Users\Andrew\play-java-1\conf\logback.xml,C:\Users\Andrew\play-java-1\target\scala-2.11\classes\logback.xml)
	(C:\Users\Andrew\play-java-1\conf\routes,C:\Users\Andrew\play-java-1\target\scala-2.11\classes\routes)
Total time: 2 s, completed Apr 3, 2017 10:08:50 PM
> server-post-command-cleanup
> server-handle-next-server-request
> {file:/C:/Users/Andrew/play-java-1/}root/*:playForkReload
Evaluating tasks: *:playForkReload
Running task... Cancel: sbt.server.ServerTaskCancellation@39a8c389, check cycles: false

Initial source changes: 
	removed:Set()
	added: Set()
	modified: Set()
Removed products: Set()
External API changes: API Changes: Set()
Modified binary dependencies: Set()
Initial directly invalidated sources: Set()

Sources indirectly invalidated by:
	product: Set()
	binary dep: Set()
	external source: Set()
All initially invalidated sources: Set()

Copy resource mappings: 
	(C:\Users\Andrew\play-java-1\conf\application.conf,C:\Users\Andrew\play-java-1\target\scala-2.11\classes\application.conf)
	(C:\Users\Andrew\play-java-1\conf\logback.xml,C:\Users\Andrew\play-java-1\target\scala-2.11\classes\logback.xml)
	(C:\Users\Andrew\play-java-1\conf\routes,C:\Users\Andrew\play-java-1\target\scala-2.11\classes\routes)
Total time: 2 s, completed Apr 3, 2017 10:09:43 PM
> server-post-command-cleanup
> server-handle-next-server-request
> {file:/C:/Users/Andrew/play-java-1/}root/*:playForkReload
Evaluating tasks: *:playForkReload
Running task... Cancel: sbt.server.ServerTaskCancellation@46cf848, check cycles: false

Initial source changes: 
	removed:Set()
	added: Set()
	modified: Set()
Removed products: Set()
External API changes: API Changes: Set()
Modified binary dependencies: Set()
Initial directly invalidated sources: Set()

Sources indirectly invalidated by:
	product: Set()
	binary dep: Set()
	external source: Set()
All initially invalidated sources: Set()

Copy resource mappings: 
	(C:\Users\Andrew\play-java-1\conf\application.conf,C:\Users\Andrew\play-java-1\target\scala-2.11\classes\application.conf)
	(C:\Users\Andrew\play-java-1\conf\logback.xml,C:\Users\Andrew\play-java-1\target\scala-2.11\classes\logback.xml)
	(C:\Users\Andrew\play-java-1\conf\routes,C:\Users\Andrew\play-java-1\target\scala-2.11\classes\routes)
Total time: 2 s, completed Apr 3, 2017 10:10:12 PM
> server-post-command-cleanup
> server-handle-next-server-request
> compile
Evaluating tasks: compile:compile
Running task... Cancel: sbt.server.ServerTaskCancellation@1a096efd, check cycles: false

Initial source changes: 
	removed:Set()
	added: Set()
	modified: Set()
Removed products: Set()
External API changes: API Changes: Set()
Modified binary dependencies: Set()
Initial directly invalidated sources: Set()

Sources indirectly invalidated by:
	product: Set()
	binary dep: Set()
	external source: Set()
All initially invalidated sources: Set()

Total time: 1 s, completed Apr 3, 2017 10:11:33 PM
> server-post-command-cleanup
> server-handle-next-server-request
> compile
Evaluating tasks: compile:compile
Running task... Cancel: sbt.server.ServerTaskCancellation@1c1bed4a, check cycles: false

Initial source changes: 
	removed:Set()
	added: Set()
	modified: Set(C:\Users\Andrew\play-java-1\app\services\SingleUploadTrainer.java)
Removed products: Set()
External API changes: API Changes: Set()
Modified binary dependencies: Set()
Initial directly invalidated sources: Set(C:\Users\Andrew\play-java-1\app\services\SingleUploadTrainer.java)

Sources indirectly invalidated by:
	product: Set()
	binary dep: Set()
	external source: Set()
All initially invalidated sources: Set(C:\Users\Andrew\play-java-1\app\services\SingleUploadTrainer.java)

Read from stdout: Compiling 1 Java source to C:\Users\Andrew\play-java-1\target\scala-2.11\classes...
Compiling 1 Java source to C:\Users\Andrew\play-java-1\target\scala-2.11\classes...
Java compilation took 3.070884046 s
Java analysis took 0.054527143 s
Java compile + analysis took 3.175610048 s
New invalidations:
	Set()
Initial set of included nodes: Set()
Previously invalidated, but (transitively) depend on new invalidations:
	Set()
All newly invalidated sources after taking into account (previously) recompiled sources:Set()
Total time: 4 s, completed Apr 3, 2017 10:15:40 PM
> server-post-command-cleanup
> server-handle-next-server-request
> {file:/C:/Users/Andrew/play-java-1/}root/*:playForkReload
Evaluating tasks: *:playForkReload
Running task... Cancel: sbt.server.ServerTaskCancellation@3e497ca1, check cycles: false

Initial source changes: 
	removed:Set()
	added: Set()
	modified: Set()
Removed products: Set()
External API changes: API Changes: Set()
Modified binary dependencies: Set()
Initial directly invalidated sources: Set()

Sources indirectly invalidated by:
	product: Set()
	binary dep: Set()
	external source: Set()
All initially invalidated sources: Set()

Copy resource mappings: 
	(C:\Users\Andrew\play-java-1\conf\application.conf,C:\Users\Andrew\play-java-1\target\scala-2.11\classes\application.conf)
	(C:\Users\Andrew\play-java-1\conf\logback.xml,C:\Users\Andrew\play-java-1\target\scala-2.11\classes\logback.xml)
	(C:\Users\Andrew\play-java-1\conf\routes,C:\Users\Andrew\play-java-1\target\scala-2.11\classes\routes)
Total time: 22 s, completed Apr 3, 2017 11:41:16 PM
> server-post-command-cleanup
> server-handle-next-server-request
> {file:/C:/Users/Andrew/play-java-1/}root/*:playForkReload
Evaluating tasks: *:playForkReload
Running task... Cancel: sbt.server.ServerTaskCancellation@4d8637e2, check cycles: false

Initial source changes: 
	removed:Set()
	added: Set()
	modified: Set()
Removed products: Set()
External API changes: API Changes: Set()
Modified binary dependencies: Set()
Initial directly invalidated sources: Set()

Sources indirectly invalidated by:
	product: Set()
	binary dep: Set()
	external source: Set()
All initially invalidated sources: Set()

Copy resource mappings: 
	(C:\Users\Andrew\play-java-1\conf\application.conf,C:\Users\Andrew\play-java-1\target\scala-2.11\classes\application.conf)
	(C:\Users\Andrew\play-java-1\conf\logback.xml,C:\Users\Andrew\play-java-1\target\scala-2.11\classes\logback.xml)
	(C:\Users\Andrew\play-java-1\conf\routes,C:\Users\Andrew\play-java-1\target\scala-2.11\classes\routes)
Total time: 3 s, completed Apr 3, 2017 11:43:29 PM
> server-post-command-cleanup
> server-handle-next-server-request
> jobStop 1
Evaluating tasks: *:jobStop
Running task... Cancel: sbt.server.ServerTaskCancellation@17a5b3e1, check cycles: false
Total time: 0 s, completed Apr 3, 2017 11:46:11 PM
> server-post-command-cleanup
> server-handle-next-server-request
Done executing sbt server engine, result Right(Exit(0))
Closing listening server socket
Waiting for socket thread
Waiting for request processor thread
Waiting for command engine result
Returning control to sbt launcher with result Exit(0)
Closing the 10784@akzysk-W370ST logs at Mon Apr 03 23:47:53 EDT 2017, goodbye.
